[debug] [2020-10-26T13:58:46.598Z] ----------------------------------------------------------------------
[debug] [2020-10-26T13:58:46.603Z] Command:       C:\Program Files\nodejs\node.exe C:\Users\dhiraj\AppData\Roaming\npm\node_modules\firebase-tools\lib\bin\firebase.js emulators:start
[debug] [2020-10-26T13:58:46.603Z] CLI Version:   8.12.1
[debug] [2020-10-26T13:58:46.604Z] Platform:      win32
[debug] [2020-10-26T13:58:46.604Z] Node Version:  v12.18.3
[debug] [2020-10-26T13:58:46.605Z] Time:          Mon Oct 26 2020 19:28:46 GMT+0530 (India Standard Time)
[debug] [2020-10-26T13:58:46.606Z] ----------------------------------------------------------------------
[debug] [2020-10-26T13:58:46.606Z] 
[debug] [2020-10-26T13:58:46.620Z] > command requires scopes: ["email","openid","https://www.googleapis.com/auth/cloudplatformprojects.readonly","https://www.googleapis.com/auth/firebase","https://www.googleapis.com/auth/cloud-platform"]
[debug] [2020-10-26T13:58:46.621Z] > authorizing via signed-in user
[info] i  emulators: Starting emulators: functions, hosting {"metadata":{"emulator":{"name":"hub"},"message":"Starting emulators: functions, hosting"}}
[debug] [2020-10-26T13:58:48.325Z] [hub] writing locator at C:\Users\dhiraj\AppData\Local\Temp\hub-dj-amaz-portfoliyo.json
[warn] !  functions: The following emulators are not running, calls to these services from the Functions emulator will affect production: auth, firestore, database, pubsub {"metadata":{"emulator":{"name":"functions"},"message":"The following emulators are not running, calls to these services from the Functions emulator will affect production: \u001b[1mauth, firestore, database, pubsub\u001b[22m"}}
[warn] !  Your requested "node" version "10" doesn't match your global version "12" {"metadata":{"emulator":{"name":"functions"},"message":"Your requested \"node\" version \"10\" doesn't match your global version \"12\""}}
[debug] [2020-10-26T13:58:49.918Z] defaultcredentials: writing to file C:\Users\dhiraj\AppData\Roaming\firebase\dhirajjuneja22_dj_gmail.com_application_default_credentials.json
[debug] [2020-10-26T13:58:49.928Z] Setting GAC to C:\Users\dhiraj\AppData\Roaming\firebase\dhirajjuneja22_dj_gmail.com_application_default_credentials.json {"metadata":{"emulator":{"name":"functions"},"message":"Setting GAC to C:\\Users\\dhiraj\\AppData\\Roaming\\firebase\\dhirajjuneja22_dj_gmail.com_application_default_credentials.json"}}
[debug] [2020-10-26T13:58:50.963Z] >>> HTTP REQUEST GET https://firebase.googleapis.com/v1beta1/projects/dj-amaz-portfoliyo/webApps/-/config  
 
[debug] [2020-10-26T13:58:52.419Z] <<< HTTP RESPONSE 200 {"content-type":"application/json; charset=UTF-8","vary":"X-Origin, Referer, Origin,Accept-Encoding","date":"Mon, 26 Oct 2020 13:58:54 GMT","server":"ESF","cache-control":"private","x-xss-protection":"0","x-frame-options":"SAMEORIGIN","x-content-type-options":"nosniff","alt-svc":"h3-Q050=\":443\"; ma=2592000,h3-29=\":443\"; ma=2592000,h3-T051=\":443\"; ma=2592000,h3-T050=\":443\"; ma=2592000,h3-Q046=\":443\"; ma=2592000,h3-Q043=\":443\"; ma=2592000,quic=\":443\"; ma=2592000; v=\"46,43\"","accept-ranges":"none","transfer-encoding":"chunked"}
[info] i  hosting: Serving hosting files from: build {"metadata":{"emulator":{"name":"hosting"},"message":"Serving hosting files from: \u001b[1mbuild\u001b[22m"}}
[info] +  hosting: Local server: http://localhost:5000 {"metadata":{"emulator":{"name":"hosting"},"message":"Local server: \u001b[4m\u001b[1mhttp://localhost:5000\u001b[22m\u001b[24m"}}
[debug] [2020-10-26T13:58:55.270Z] Ignoring unsupported arg: auto_download {"metadata":{"emulator":{"name":"ui"},"message":"Ignoring unsupported arg: auto_download"}}
[debug] [2020-10-26T13:58:55.271Z] Ignoring unsupported arg: port {"metadata":{"emulator":{"name":"ui"},"message":"Ignoring unsupported arg: port"}}
[debug] [2020-10-26T13:58:55.272Z] Starting Emulator UI with command {"binary":"node","args":["C:\\Users\\dhiraj\\.cache\\firebase\\emulators\\ui-v1.1.1\\server.bundle.js"],"optionalArgs":[],"joinArgs":false} {"metadata":{"emulator":{"name":"ui"},"message":"Starting Emulator UI with command {\"binary\":\"node\",\"args\":[\"C:\\\\Users\\\\dhiraj\\\\.cache\\\\firebase\\\\emulators\\\\ui-v1.1.1\\\\server.bundle.js\"],\"optionalArgs\":[],\"joinArgs\":false}"}}
[info] i  ui: Emulator UI logging to ui-debug.log {"metadata":{"emulator":{"name":"ui"},"message":"Emulator UI logging to \u001b[1mui-debug.log\u001b[22m"}}
[debug] [2020-10-26T13:58:55.840Z] Web / API server started at http://localhost:4000
 {"metadata":{"emulator":{"name":"ui"},"message":"Web / API server started at http://localhost:4000\n"}}
[info] i  functions: Watching "C:\Users\dhiraj\dj_Projects\React JS\Amazon_2.0\functions" for Cloud Functions... {"metadata":{"emulator":{"name":"functions"},"message":"Watching \"C:\\Users\\dhiraj\\dj_Projects\\React JS\\Amazon_2.0\\functions\" for Cloud Functions..."}}
[debug] [2020-10-26T13:58:56.342Z] [worker-pool] addWorker(~diagnostic~) {"metadata":{"emulator":{"name":"functions"},"message":"[worker-pool] addWorker(~diagnostic~)"}}
[debug] [2020-10-26T13:58:56.342Z] [worker-pool] Adding worker with key ~diagnostic~, total=1 {"metadata":{"emulator":{"name":"functions"},"message":"[worker-pool] Adding worker with key ~diagnostic~, total=1"}}
[debug] [2020-10-26T13:58:56.343Z] [worker-pool] submitWork(triggerId=) {"metadata":{"emulator":{"name":"functions"},"message":"[worker-pool] submitWork(triggerId=)"}}
[debug] [2020-10-26T13:58:56.343Z] [worker-~diagnostic~-46efbb1a-cdf2-469e-926c-75b92f07554b]: Assigning socketPath: \\?\pipe\C:\Users\dhiraj\dj_Projects\React JS\Amazon_2.0\functions\2064 {"metadata":{"emulator":{"name":"functions"},"message":"[worker-~diagnostic~-46efbb1a-cdf2-469e-926c-75b92f07554b]: Assigning socketPath: \\\\?\\pipe\\C:\\Users\\dhiraj\\dj_Projects\\React JS\\Amazon_2.0\\functions\\2064"}}
[debug] [2020-10-26T13:58:56.344Z] [worker-~diagnostic~-46efbb1a-cdf2-469e-926c-75b92f07554b]: BUSY {"metadata":{"emulator":{"name":"functions"},"message":"[worker-~diagnostic~-46efbb1a-cdf2-469e-926c-75b92f07554b]: BUSY"}}
[debug] [2020-10-26T13:58:57.472Z] [runtime-status] [2064] Functions runtime initialized. {"cwd":"C:\\Users\\dhiraj\\dj_Projects\\React JS\\Amazon_2.0\\functions","node_version":"12.18.3"} {"metadata":{"emulator":{"name":"functions"},"message":"[runtime-status] [2064] Functions runtime initialized. {\"cwd\":\"C:\\\\Users\\\\dhiraj\\\\dj_Projects\\\\React JS\\\\Amazon_2.0\\\\functions\",\"node_version\":\"12.18.3\"}"}}
[debug] [2020-10-26T13:58:57.481Z] [runtime-status] [2064] Disabled runtime features: undefined {"metadata":{"emulator":{"name":"functions"},"message":"[runtime-status] [2064] Disabled runtime features: undefined"}}
[debug] [2020-10-26T13:58:57.528Z] [runtime-status] [2064] Resolved module firebase-admin {"declared":true,"installed":true,"version":"8.13.0","resolution":"C:\\Users\\dhiraj\\dj_Projects\\React JS\\Amazon_2.0\\functions\\node_modules\\firebase-admin\\lib\\index.js"} {"metadata":{"emulator":{"name":"functions"},"message":"[runtime-status] [2064] Resolved module firebase-admin {\"declared\":true,\"installed\":true,\"version\":\"8.13.0\",\"resolution\":\"C:\\\\Users\\\\dhiraj\\\\dj_Projects\\\\React JS\\\\Amazon_2.0\\\\functions\\\\node_modules\\\\firebase-admin\\\\lib\\\\index.js\"}"}}
[debug] [2020-10-26T13:58:57.575Z] [runtime-status] [2064] Resolved module firebase-functions {"declared":true,"installed":true,"version":"3.11.0","resolution":"C:\\Users\\dhiraj\\dj_Projects\\React JS\\Amazon_2.0\\functions\\node_modules\\firebase-functions\\lib\\index.js"} {"metadata":{"emulator":{"name":"functions"},"message":"[runtime-status] [2064] Resolved module firebase-functions {\"declared\":true,\"installed\":true,\"version\":\"3.11.0\",\"resolution\":\"C:\\\\Users\\\\dhiraj\\\\dj_Projects\\\\React JS\\\\Amazon_2.0\\\\functions\\\\node_modules\\\\firebase-functions\\\\lib\\\\index.js\"}"}}
[debug] [2020-10-26T13:58:57.580Z] [runtime-status] [2064] Resolved module firebase-functions {"declared":true,"installed":true,"version":"3.11.0","resolution":"C:\\Users\\dhiraj\\dj_Projects\\React JS\\Amazon_2.0\\functions\\node_modules\\firebase-functions\\lib\\index.js"} {"metadata":{"emulator":{"name":"functions"},"message":"[runtime-status] [2064] Resolved module firebase-functions {\"declared\":true,\"installed\":true,\"version\":\"3.11.0\",\"resolution\":\"C:\\\\Users\\\\dhiraj\\\\dj_Projects\\\\React JS\\\\Amazon_2.0\\\\functions\\\\node_modules\\\\firebase-functions\\\\lib\\\\index.js\"}"}}
[debug] [2020-10-26T13:58:57.586Z] [runtime-status] [2064] Outgoing network have been stubbed. [{"name":"http","status":"mocked"},{"name":"http","status":"mocked"},{"name":"https","status":"mocked"},{"name":"https","status":"mocked"},{"name":"net","status":"mocked"}] {"metadata":{"emulator":{"name":"functions"},"message":"[runtime-status] [2064] Outgoing network have been stubbed. [{\"name\":\"http\",\"status\":\"mocked\"},{\"name\":\"http\",\"status\":\"mocked\"},{\"name\":\"https\",\"status\":\"mocked\"},{\"name\":\"https\",\"status\":\"mocked\"},{\"name\":\"net\",\"status\":\"mocked\"}]"}}
[debug] [2020-10-26T13:58:57.589Z] [runtime-status] [2064] Resolved module firebase-functions {"declared":true,"installed":true,"version":"3.11.0","resolution":"C:\\Users\\dhiraj\\dj_Projects\\React JS\\Amazon_2.0\\functions\\node_modules\\firebase-functions\\lib\\index.js"} {"metadata":{"emulator":{"name":"functions"},"message":"[runtime-status] [2064] Resolved module firebase-functions {\"declared\":true,\"installed\":true,\"version\":\"3.11.0\",\"resolution\":\"C:\\\\Users\\\\dhiraj\\\\dj_Projects\\\\React JS\\\\Amazon_2.0\\\\functions\\\\node_modules\\\\firebase-functions\\\\lib\\\\index.js\"}"}}
[debug] [2020-10-26T13:58:58.509Z] [runtime-status] [2064] Checked functions.config() {"config":{}} {"metadata":{"emulator":{"name":"functions"},"message":"[runtime-status] [2064] Checked functions.config() {\"config\":{}}"}}
[debug] [2020-10-26T13:58:58.510Z] [runtime-status] [2064] firebase-functions has been stubbed. {"functionsResolution":{"declared":true,"installed":true,"version":"3.11.0","resolution":"C:\\Users\\dhiraj\\dj_Projects\\React JS\\Amazon_2.0\\functions\\node_modules\\firebase-functions\\lib\\index.js"}} {"metadata":{"emulator":{"name":"functions"},"message":"[runtime-status] [2064] firebase-functions has been stubbed. {\"functionsResolution\":{\"declared\":true,\"installed\":true,\"version\":\"3.11.0\",\"resolution\":\"C:\\\\Users\\\\dhiraj\\\\dj_Projects\\\\React JS\\\\Amazon_2.0\\\\functions\\\\node_modules\\\\firebase-functions\\\\lib\\\\index.js\"}}"}}
[debug] [2020-10-26T13:58:58.513Z] [runtime-status] [2064] Resolved module firebase-functions {"declared":true,"installed":true,"version":"3.11.0","resolution":"C:\\Users\\dhiraj\\dj_Projects\\React JS\\Amazon_2.0\\functions\\node_modules\\firebase-functions\\lib\\index.js"} {"metadata":{"emulator":{"name":"functions"},"message":"[runtime-status] [2064] Resolved module firebase-functions {\"declared\":true,\"installed\":true,\"version\":\"3.11.0\",\"resolution\":\"C:\\\\Users\\\\dhiraj\\\\dj_Projects\\\\React JS\\\\Amazon_2.0\\\\functions\\\\node_modules\\\\firebase-functions\\\\lib\\\\index.js\"}"}}
[debug] [2020-10-26T13:58:58.518Z] [runtime-status] [2064] Resolved module firebase-admin {"declared":true,"installed":true,"version":"8.13.0","resolution":"C:\\Users\\dhiraj\\dj_Projects\\React JS\\Amazon_2.0\\functions\\node_modules\\firebase-admin\\lib\\index.js"} {"metadata":{"emulator":{"name":"functions"},"message":"[runtime-status] [2064] Resolved module firebase-admin {\"declared\":true,\"installed\":true,\"version\":\"8.13.0\",\"resolution\":\"C:\\\\Users\\\\dhiraj\\\\dj_Projects\\\\React JS\\\\Amazon_2.0\\\\functions\\\\node_modules\\\\firebase-admin\\\\lib\\\\index.js\"}"}}
[debug] [2020-10-26T13:58:58.520Z] [runtime-status] [2064] Resolved module firebase-functions {"declared":true,"installed":true,"version":"3.11.0","resolution":"C:\\Users\\dhiraj\\dj_Projects\\React JS\\Amazon_2.0\\functions\\node_modules\\firebase-functions\\lib\\index.js"} {"metadata":{"emulator":{"name":"functions"},"message":"[runtime-status] [2064] Resolved module firebase-functions {\"declared\":true,\"installed\":true,\"version\":\"3.11.0\",\"resolution\":\"C:\\\\Users\\\\dhiraj\\\\dj_Projects\\\\React JS\\\\Amazon_2.0\\\\functions\\\\node_modules\\\\firebase-functions\\\\lib\\\\index.js\"}"}}
[debug] [2020-10-26T13:58:58.521Z] [runtime-status] [2064] firebase-admin has been stubbed. {"adminResolution":{"declared":true,"installed":true,"version":"8.13.0","resolution":"C:\\Users\\dhiraj\\dj_Projects\\React JS\\Amazon_2.0\\functions\\node_modules\\firebase-admin\\lib\\index.js"}} {"metadata":{"emulator":{"name":"functions"},"message":"[runtime-status] [2064] firebase-admin has been stubbed. {\"adminResolution\":{\"declared\":true,\"installed\":true,\"version\":\"8.13.0\",\"resolution\":\"C:\\\\Users\\\\dhiraj\\\\dj_Projects\\\\React JS\\\\Amazon_2.0\\\\functions\\\\node_modules\\\\firebase-admin\\\\lib\\\\index.js\"}}"}}
[info] +  functions[api]: http function initialized (http://localhost:5001/dj-amaz-portfoliyo/us-central1/api). {"metadata":{"emulator":{"name":"functions"},"message":"\u001b[1mhttp\u001b[22m function initialized (http://localhost:5001/dj-amaz-portfoliyo/us-central1/api)."}}
[info] 
┌───────────────────────────────────────────────────────────────────────┐
│ ✔  All emulators ready! View status and logs at http://localhost:4000 │
└───────────────────────────────────────────────────────────────────────┘

┌───────────┬────────────────┬─────────────────────────────────┐
│ Emulator  │ Host:Port      │ View in Emulator UI             │
├───────────┼────────────────┼─────────────────────────────────┤
│ Functions │ localhost:5001 │ http://localhost:4000/functions │
├───────────┼────────────────┼─────────────────────────────────┤
│ Hosting   │ localhost:5000 │ n/a                             │
└───────────┴────────────────┴─────────────────────────────────┘
  Other reserved ports: 4400, 4500

Issues? Report them at https://github.com/firebase/firebase-tools/issues and attach the *-debug.log files.
 
[debug] [2020-10-26T13:59:00.848Z] [worker-~diagnostic~-46efbb1a-cdf2-469e-926c-75b92f07554b]: IDLE {"metadata":{"emulator":{"name":"functions"},"message":"[worker-~diagnostic~-46efbb1a-cdf2-469e-926c-75b92f07554b]: IDLE"}}
[debug] [2020-10-26T13:59:28.175Z] [work-queue] {"queueLength":1,"workRunningCount":0}
[debug] [2020-10-26T13:59:28.176Z] [work-queue] {"queueLength":0,"workRunningCount":1}
[debug] [2020-10-26T13:59:28.179Z] Accepted request POST /dj-amaz-portfoliyo/us-central1/api/payments/create?total=499000 --> api
[debug] [2020-10-26T13:59:28.191Z] [worker-pool] addWorker(api) {"metadata":{"emulator":{"name":"functions"},"message":"[worker-pool] addWorker(api)"}}
[debug] [2020-10-26T13:59:28.191Z] [worker-pool] Adding worker with key api, total=1 {"metadata":{"emulator":{"name":"functions"},"message":"[worker-pool] Adding worker with key api, total=1"}}
[debug] [2020-10-26T13:59:28.192Z] [worker-pool] submitWork(triggerId=api) {"metadata":{"emulator":{"name":"functions"},"message":"[worker-pool] submitWork(triggerId=api)"}}
[debug] [2020-10-26T13:59:28.192Z] [worker-api-804dfcef-7252-4fe3-b7fb-588f7e416ef6]: Assigning socketPath: \\?\pipe\C:\Users\dhiraj\dj_Projects\React JS\Amazon_2.0\functions\6604 {"metadata":{"emulator":{"name":"functions"},"message":"[worker-api-804dfcef-7252-4fe3-b7fb-588f7e416ef6]: Assigning socketPath: \\\\?\\pipe\\C:\\Users\\dhiraj\\dj_Projects\\React JS\\Amazon_2.0\\functions\\6604"}}
[debug] [2020-10-26T13:59:28.192Z] [worker-api-804dfcef-7252-4fe3-b7fb-588f7e416ef6]: BUSY {"metadata":{"emulator":{"name":"functions"},"message":"[worker-api-804dfcef-7252-4fe3-b7fb-588f7e416ef6]: BUSY"}}
[debug] [2020-10-26T13:59:29.132Z] [runtime-status] [6604] Functions runtime initialized. {"cwd":"C:\\Users\\dhiraj\\dj_Projects\\React JS\\Amazon_2.0\\functions","node_version":"12.18.3"} {"metadata":{"emulator":{"name":"functions"},"function":{"name":"api"},"message":"[runtime-status] [6604] Functions runtime initialized. {\"cwd\":\"C:\\\\Users\\\\dhiraj\\\\dj_Projects\\\\React JS\\\\Amazon_2.0\\\\functions\",\"node_version\":\"12.18.3\"}"}}
[debug] [2020-10-26T13:59:29.141Z] [runtime-status] [6604] Disabled runtime features: undefined {"metadata":{"emulator":{"name":"functions"},"function":{"name":"api"},"message":"[runtime-status] [6604] Disabled runtime features: undefined"}}
[debug] [2020-10-26T13:59:29.159Z] [runtime-status] [6604] Resolved module firebase-admin {"declared":true,"installed":true,"version":"8.13.0","resolution":"C:\\Users\\dhiraj\\dj_Projects\\React JS\\Amazon_2.0\\functions\\node_modules\\firebase-admin\\lib\\index.js"} {"metadata":{"emulator":{"name":"functions"},"function":{"name":"api"},"message":"[runtime-status] [6604] Resolved module firebase-admin {\"declared\":true,\"installed\":true,\"version\":\"8.13.0\",\"resolution\":\"C:\\\\Users\\\\dhiraj\\\\dj_Projects\\\\React JS\\\\Amazon_2.0\\\\functions\\\\node_modules\\\\firebase-admin\\\\lib\\\\index.js\"}"}}
[debug] [2020-10-26T13:59:29.162Z] [runtime-status] [6604] Resolved module firebase-functions {"declared":true,"installed":true,"version":"3.11.0","resolution":"C:\\Users\\dhiraj\\dj_Projects\\React JS\\Amazon_2.0\\functions\\node_modules\\firebase-functions\\lib\\index.js"} {"metadata":{"emulator":{"name":"functions"},"function":{"name":"api"},"message":"[runtime-status] [6604] Resolved module firebase-functions {\"declared\":true,\"installed\":true,\"version\":\"3.11.0\",\"resolution\":\"C:\\\\Users\\\\dhiraj\\\\dj_Projects\\\\React JS\\\\Amazon_2.0\\\\functions\\\\node_modules\\\\firebase-functions\\\\lib\\\\index.js\"}"}}
[debug] [2020-10-26T13:59:29.164Z] [runtime-status] [6604] Resolved module firebase-functions {"declared":true,"installed":true,"version":"3.11.0","resolution":"C:\\Users\\dhiraj\\dj_Projects\\React JS\\Amazon_2.0\\functions\\node_modules\\firebase-functions\\lib\\index.js"} {"metadata":{"emulator":{"name":"functions"},"function":{"name":"api"},"message":"[runtime-status] [6604] Resolved module firebase-functions {\"declared\":true,\"installed\":true,\"version\":\"3.11.0\",\"resolution\":\"C:\\\\Users\\\\dhiraj\\\\dj_Projects\\\\React JS\\\\Amazon_2.0\\\\functions\\\\node_modules\\\\firebase-functions\\\\lib\\\\index.js\"}"}}
[debug] [2020-10-26T13:59:29.168Z] [runtime-status] [6604] Outgoing network have been stubbed. [{"name":"http","status":"mocked"},{"name":"http","status":"mocked"},{"name":"https","status":"mocked"},{"name":"https","status":"mocked"},{"name":"net","status":"mocked"}] {"metadata":{"emulator":{"name":"functions"},"function":{"name":"api"},"message":"[runtime-status] [6604] Outgoing network have been stubbed. [{\"name\":\"http\",\"status\":\"mocked\"},{\"name\":\"http\",\"status\":\"mocked\"},{\"name\":\"https\",\"status\":\"mocked\"},{\"name\":\"https\",\"status\":\"mocked\"},{\"name\":\"net\",\"status\":\"mocked\"}]"}}
[debug] [2020-10-26T13:59:29.170Z] [runtime-status] [6604] Resolved module firebase-functions {"declared":true,"installed":true,"version":"3.11.0","resolution":"C:\\Users\\dhiraj\\dj_Projects\\React JS\\Amazon_2.0\\functions\\node_modules\\firebase-functions\\lib\\index.js"} {"metadata":{"emulator":{"name":"functions"},"function":{"name":"api"},"message":"[runtime-status] [6604] Resolved module firebase-functions {\"declared\":true,\"installed\":true,\"version\":\"3.11.0\",\"resolution\":\"C:\\\\Users\\\\dhiraj\\\\dj_Projects\\\\React JS\\\\Amazon_2.0\\\\functions\\\\node_modules\\\\firebase-functions\\\\lib\\\\index.js\"}"}}
[debug] [2020-10-26T13:59:29.263Z] [runtime-status] [6604] Checked functions.config() {"config":{}} {"metadata":{"emulator":{"name":"functions"},"function":{"name":"api"},"message":"[runtime-status] [6604] Checked functions.config() {\"config\":{}}"}}
[debug] [2020-10-26T13:59:29.264Z] [runtime-status] [6604] firebase-functions has been stubbed. {"functionsResolution":{"declared":true,"installed":true,"version":"3.11.0","resolution":"C:\\Users\\dhiraj\\dj_Projects\\React JS\\Amazon_2.0\\functions\\node_modules\\firebase-functions\\lib\\index.js"}} {"metadata":{"emulator":{"name":"functions"},"function":{"name":"api"},"message":"[runtime-status] [6604] firebase-functions has been stubbed. {\"functionsResolution\":{\"declared\":true,\"installed\":true,\"version\":\"3.11.0\",\"resolution\":\"C:\\\\Users\\\\dhiraj\\\\dj_Projects\\\\React JS\\\\Amazon_2.0\\\\functions\\\\node_modules\\\\firebase-functions\\\\lib\\\\index.js\"}}"}}
[debug] [2020-10-26T13:59:29.265Z] [runtime-status] [6604] Resolved module firebase-functions {"declared":true,"installed":true,"version":"3.11.0","resolution":"C:\\Users\\dhiraj\\dj_Projects\\React JS\\Amazon_2.0\\functions\\node_modules\\firebase-functions\\lib\\index.js"} {"metadata":{"emulator":{"name":"functions"},"function":{"name":"api"},"message":"[runtime-status] [6604] Resolved module firebase-functions {\"declared\":true,\"installed\":true,\"version\":\"3.11.0\",\"resolution\":\"C:\\\\Users\\\\dhiraj\\\\dj_Projects\\\\React JS\\\\Amazon_2.0\\\\functions\\\\node_modules\\\\firebase-functions\\\\lib\\\\index.js\"}"}}
[debug] [2020-10-26T13:59:29.268Z] [runtime-status] [6604] Resolved module firebase-admin {"declared":true,"installed":true,"version":"8.13.0","resolution":"C:\\Users\\dhiraj\\dj_Projects\\React JS\\Amazon_2.0\\functions\\node_modules\\firebase-admin\\lib\\index.js"} {"metadata":{"emulator":{"name":"functions"},"function":{"name":"api"},"message":"[runtime-status] [6604] Resolved module firebase-admin {\"declared\":true,\"installed\":true,\"version\":\"8.13.0\",\"resolution\":\"C:\\\\Users\\\\dhiraj\\\\dj_Projects\\\\React JS\\\\Amazon_2.0\\\\functions\\\\node_modules\\\\firebase-admin\\\\lib\\\\index.js\"}"}}
[debug] [2020-10-26T13:59:29.269Z] [runtime-status] [6604] Resolved module firebase-functions {"declared":true,"installed":true,"version":"3.11.0","resolution":"C:\\Users\\dhiraj\\dj_Projects\\React JS\\Amazon_2.0\\functions\\node_modules\\firebase-functions\\lib\\index.js"} {"metadata":{"emulator":{"name":"functions"},"function":{"name":"api"},"message":"[runtime-status] [6604] Resolved module firebase-functions {\"declared\":true,\"installed\":true,\"version\":\"3.11.0\",\"resolution\":\"C:\\\\Users\\\\dhiraj\\\\dj_Projects\\\\React JS\\\\Amazon_2.0\\\\functions\\\\node_modules\\\\firebase-functions\\\\lib\\\\index.js\"}"}}
[debug] [2020-10-26T13:59:29.270Z] [runtime-status] [6604] firebase-admin has been stubbed. {"adminResolution":{"declared":true,"installed":true,"version":"8.13.0","resolution":"C:\\Users\\dhiraj\\dj_Projects\\React JS\\Amazon_2.0\\functions\\node_modules\\firebase-admin\\lib\\index.js"}} {"metadata":{"emulator":{"name":"functions"},"function":{"name":"api"},"message":"[runtime-status] [6604] firebase-admin has been stubbed. {\"adminResolution\":{\"declared\":true,\"installed\":true,\"version\":\"8.13.0\",\"resolution\":\"C:\\\\Users\\\\dhiraj\\\\dj_Projects\\\\React JS\\\\Amazon_2.0\\\\functions\\\\node_modules\\\\firebase-admin\\\\lib\\\\index.js\"}}"}}
[debug] [2020-10-26T13:59:29.578Z] [runtime-status] [6604] Trigger "api" has been found, beginning invocation! {"metadata":{"emulator":{"name":"functions"},"function":{"name":"api"},"message":"[runtime-status] [6604] Trigger \"api\" has been found, beginning invocation!"}}
[info] i  functions: Beginning execution of "api" {"metadata":{"emulator":{"name":"functions"},"function":{"name":"api"},"message":"Beginning execution of \"api\""}}
[debug] [2020-10-26T13:59:29.580Z] [runtime-status] [6604] triggerDefinition {"httpsTrigger":{},"name":"api","entryPoint":"api"} {"metadata":{"emulator":{"name":"functions"},"function":{"name":"api"},"message":"[runtime-status] [6604] triggerDefinition {\"httpsTrigger\":{},\"name\":\"api\",\"entryPoint\":\"api\"}"}}
[debug] [2020-10-26T13:59:29.580Z] [runtime-status] [6604] Running api in mode HTTPS {"metadata":{"emulator":{"name":"functions"},"function":{"name":"api"},"message":"[runtime-status] [6604] Running api in mode HTTPS"}}
[debug] [2020-10-26T13:59:29.587Z] [runtime-status] [6604] Attempting to listen to socketPath: \\?\pipe\C:\Users\dhiraj\dj_Projects\React JS\Amazon_2.0\functions\6604 {"metadata":{"emulator":{"name":"functions"},"function":{"name":"api"},"message":"[runtime-status] [6604] Attempting to listen to socketPath: \\\\?\\pipe\\C:\\Users\\dhiraj\\dj_Projects\\React JS\\Amazon_2.0\\functions\\6604"}}
[debug] [2020-10-26T13:59:29.592Z] [functions] Runtime ready! Sending request! {"metadata":{"emulator":{"name":"functions"},"message":"[functions] Runtime ready! Sending request!"}}
[debug] [2020-10-26T13:59:29.607Z] [runtime-status] [6604] Ephemeral server handling POST request {"metadata":{"emulator":{"name":"functions"},"function":{"name":"api"},"message":"[runtime-status] [6604] Ephemeral server handling POST request"}}
[info] >  Payment Request Recieved BOOM!!! for this amount >>>  499000 {"user":"Payment Request Recieved BOOM!!! for this amount >>>  499000","metadata":{"emulator":{"name":"functions"},"function":{"name":"api"},"message":"\u001b[90m> \u001b[39m Payment Request Recieved BOOM!!! for this amount >>>  499000"}}
[debug] [2020-10-26T13:59:29.627Z] [runtime-status] [6604] Ephemeral server survived. {"metadata":{"emulator":{"name":"functions"},"function":{"name":"api"},"message":"[runtime-status] [6604] Ephemeral server survived."}}
[info] i  functions: Finished "api" in ~1s {"metadata":{"emulator":{"name":"functions"},"function":{"name":"api"},"message":"Finished \"api\" in ~1s"}}
[debug] [2020-10-26T13:59:31.260Z] [worker-api-804dfcef-7252-4fe3-b7fb-588f7e416ef6]: IDLE {"metadata":{"emulator":{"name":"functions"},"message":"[worker-api-804dfcef-7252-4fe3-b7fb-588f7e416ef6]: IDLE"}}
[debug] [2020-10-26T13:59:31.261Z] [work-queue] {"queueLength":0,"workRunningCount":0}
[debug] [2020-10-26T13:59:38.878Z] [work-queue] {"queueLength":1,"workRunningCount":0}
[debug] [2020-10-26T13:59:38.878Z] [work-queue] {"queueLength":0,"workRunningCount":1}
[debug] [2020-10-26T13:59:38.879Z] Accepted request POST /dj-amaz-portfoliyo/us-central1/api/payments/create?total=0 --> api
[debug] [2020-10-26T13:59:38.879Z] [worker-pool] submitWork(triggerId=api) {"metadata":{"emulator":{"name":"functions"},"message":"[worker-pool] submitWork(triggerId=api)"}}
[debug] [2020-10-26T13:59:38.880Z] [worker-api-804dfcef-7252-4fe3-b7fb-588f7e416ef6]: Assigning socketPath: \\?\pipe\C:\Users\dhiraj\dj_Projects\React JS\Amazon_2.0\functions\6604 {"metadata":{"emulator":{"name":"functions"},"message":"[worker-api-804dfcef-7252-4fe3-b7fb-588f7e416ef6]: Assigning socketPath: \\\\?\\pipe\\C:\\Users\\dhiraj\\dj_Projects\\React JS\\Amazon_2.0\\functions\\6604"}}
[debug] [2020-10-26T13:59:38.880Z] [worker-api-804dfcef-7252-4fe3-b7fb-588f7e416ef6]: BUSY {"metadata":{"emulator":{"name":"functions"},"message":"[worker-api-804dfcef-7252-4fe3-b7fb-588f7e416ef6]: BUSY"}}
[debug] [2020-10-26T13:59:38.882Z] [runtime-status] [6604] Trigger "api" has been found, beginning invocation! {"metadata":{"emulator":{"name":"functions"},"function":{"name":"api"},"message":"[runtime-status] [6604] Trigger \"api\" has been found, beginning invocation!"}}
[info] i  functions: Beginning execution of "api" {"metadata":{"emulator":{"name":"functions"},"function":{"name":"api"},"message":"Beginning execution of \"api\""}}
[debug] [2020-10-26T13:59:38.886Z] [runtime-status] [6604] triggerDefinition {"httpsTrigger":{},"name":"api","entryPoint":"api"} {"metadata":{"emulator":{"name":"functions"},"function":{"name":"api"},"message":"[runtime-status] [6604] triggerDefinition {\"httpsTrigger\":{},\"name\":\"api\",\"entryPoint\":\"api\"}"}}
[debug] [2020-10-26T13:59:38.890Z] [runtime-status] [6604] Running api in mode HTTPS {"metadata":{"emulator":{"name":"functions"},"function":{"name":"api"},"message":"[runtime-status] [6604] Running api in mode HTTPS"}}
[debug] [2020-10-26T13:59:38.891Z] [runtime-status] [6604] Attempting to listen to socketPath: \\?\pipe\C:\Users\dhiraj\dj_Projects\React JS\Amazon_2.0\functions\6604 {"metadata":{"emulator":{"name":"functions"},"function":{"name":"api"},"message":"[runtime-status] [6604] Attempting to listen to socketPath: \\\\?\\pipe\\C:\\Users\\dhiraj\\dj_Projects\\React JS\\Amazon_2.0\\functions\\6604"}}
[debug] [2020-10-26T13:59:38.893Z] [functions] Runtime ready! Sending request! {"metadata":{"emulator":{"name":"functions"},"message":"[functions] Runtime ready! Sending request!"}}
[debug] [2020-10-26T13:59:38.901Z] [runtime-status] [6604] Ephemeral server handling POST request {"metadata":{"emulator":{"name":"functions"},"function":{"name":"api"},"message":"[runtime-status] [6604] Ephemeral server handling POST request"}}
[info] >  Payment Request Recieved BOOM!!! for this amount >>>  0 {"user":"Payment Request Recieved BOOM!!! for this amount >>>  0","metadata":{"emulator":{"name":"functions"},"function":{"name":"api"},"message":"\u001b[90m> \u001b[39m Payment Request Recieved BOOM!!! for this amount >>>  0"}}
[debug] [2020-10-26T13:59:38.904Z] [runtime-status] [6604] Ephemeral server survived. {"metadata":{"emulator":{"name":"functions"},"function":{"name":"api"},"message":"[runtime-status] [6604] Ephemeral server survived."}}
[info] >  (node:6604) UnhandledPromiseRejectionWarning: Error: This value must be greater than or equal to 1. {"user":"(node:6604) UnhandledPromiseRejectionWarning: Error: This value must be greater than or equal to 1.","metadata":{"emulator":{"name":"functions"},"function":{"name":"api"},"message":"\u001b[90m> \u001b[39m (node:6604) UnhandledPromiseRejectionWarning: Error: This value must be greater than or equal to 1."}}
[info] >      at Function.generate (C:\Users\dhiraj\dj_Projects\React JS\Amazon_2.0\functions\node_modules\stripe\lib\Error.js:39:16) {"user":"    at Function.generate (C:\\Users\\dhiraj\\dj_Projects\\React JS\\Amazon_2.0\\functions\\node_modules\\stripe\\lib\\Error.js:39:16)","metadata":{"emulator":{"name":"functions"},"function":{"name":"api"},"message":"\u001b[90m> \u001b[39m     at Function.generate (C:\\Users\\dhiraj\\dj_Projects\\React JS\\Amazon_2.0\\functions\\node_modules\\stripe\\lib\\Error.js:39:16)"}}
[info] >      at IncomingMessage.<anonymous> (C:\Users\dhiraj\dj_Projects\React JS\Amazon_2.0\functions\node_modules\stripe\lib\StripeResource.js:190:33) {"user":"    at IncomingMessage.<anonymous> (C:\\Users\\dhiraj\\dj_Projects\\React JS\\Amazon_2.0\\functions\\node_modules\\stripe\\lib\\StripeResource.js:190:33)","metadata":{"emulator":{"name":"functions"},"function":{"name":"api"},"message":"\u001b[90m> \u001b[39m     at IncomingMessage.<anonymous> (C:\\Users\\dhiraj\\dj_Projects\\React JS\\Amazon_2.0\\functions\\node_modules\\stripe\\lib\\StripeResource.js:190:33)"}}
[info] >      at Object.onceWrapper (events.js:421:28) {"user":"    at Object.onceWrapper (events.js:421:28)","metadata":{"emulator":{"name":"functions"},"function":{"name":"api"},"message":"\u001b[90m> \u001b[39m     at Object.onceWrapper (events.js:421:28)"}}
[info] >      at IncomingMessage.emit (events.js:327:22) {"user":"    at IncomingMessage.emit (events.js:327:22)","metadata":{"emulator":{"name":"functions"},"function":{"name":"api"},"message":"\u001b[90m> \u001b[39m     at IncomingMessage.emit (events.js:327:22)"}}
[info] >      at endReadableNT (_stream_readable.js:1220:12) {"user":"    at endReadableNT (_stream_readable.js:1220:12)","metadata":{"emulator":{"name":"functions"},"function":{"name":"api"},"message":"\u001b[90m> \u001b[39m     at endReadableNT (_stream_readable.js:1220:12)"}}
[info] >      at processTicksAndRejections (internal/process/task_queues.js:84:21) {"user":"    at processTicksAndRejections (internal/process/task_queues.js:84:21)","metadata":{"emulator":{"name":"functions"},"function":{"name":"api"},"message":"\u001b[90m> \u001b[39m     at processTicksAndRejections (internal/process/task_queues.js:84:21)"}}
[info] >  (node:6604) UnhandledPromiseRejectionWarning: Unhandled promise rejection. This error originated either by throwing inside of an async function without a catch block, or by rejecting a promise which was not handled with .catch(). To terminate the node process on unhandled promise rejection, use the CLI flag `--unhandled-rejections=strict` (see https://nodejs.org/api/cli.html#cli_unhandled_rejections_mode). (rejection id: 1) {"user":"(node:6604) UnhandledPromiseRejectionWarning: Unhandled promise rejection. This error originated either by throwing inside of an async function without a catch block, or by rejecting a promise which was not handled with .catch(). To terminate the node process on unhandled promise rejection, use the CLI flag `--unhandled-rejections=strict` (see https://nodejs.org/api/cli.html#cli_unhandled_rejections_mode). (rejection id: 1)","metadata":{"emulator":{"name":"functions"},"function":{"name":"api"},"message":"\u001b[90m> \u001b[39m (node:6604) UnhandledPromiseRejectionWarning: Unhandled promise rejection. This error originated either by throwing inside of an async function without a catch block, or by rejecting a promise which was not handled with .catch(). To terminate the node process on unhandled promise rejection, use the CLI flag `--unhandled-rejections=strict` (see https://nodejs.org/api/cli.html#cli_unhandled_rejections_mode). (rejection id: 1)"}}
[info] >  (node:6604) [DEP0018] DeprecationWarning: Unhandled promise rejections are deprecated. In the future, promise rejections that are not handled will terminate the Node.js process with a non-zero exit code. {"user":"(node:6604) [DEP0018] DeprecationWarning: Unhandled promise rejections are deprecated. In the future, promise rejections that are not handled will terminate the Node.js process with a non-zero exit code.","metadata":{"emulator":{"name":"functions"},"function":{"name":"api"},"message":"\u001b[90m> \u001b[39m (node:6604) [DEP0018] DeprecationWarning: Unhandled promise rejections are deprecated. In the future, promise rejections that are not handled will terminate the Node.js process with a non-zero exit code."}}
[debug] [2020-10-26T13:59:50.962Z] [work-queue] {"queueLength":1,"workRunningCount":1}
[debug] [2020-10-26T13:59:50.962Z] [work-queue] {"queueLength":0,"workRunningCount":2}
[debug] [2020-10-26T13:59:50.963Z] Accepted request GET /dj-amaz-portfoliyo/us-central1/api --> api
[debug] [2020-10-26T13:59:50.967Z] [worker-pool] addWorker(api) {"metadata":{"emulator":{"name":"functions"},"message":"[worker-pool] addWorker(api)"}}
[debug] [2020-10-26T13:59:50.967Z] [worker-pool] Adding worker with key api, total=2 {"metadata":{"emulator":{"name":"functions"},"message":"[worker-pool] Adding worker with key api, total=2"}}
[debug] [2020-10-26T13:59:50.968Z] [worker-pool] submitWork(triggerId=api) {"metadata":{"emulator":{"name":"functions"},"message":"[worker-pool] submitWork(triggerId=api)"}}
[debug] [2020-10-26T13:59:50.969Z] [worker-api-41cb4ca5-71bb-47d8-8a99-236fb09e514e]: Assigning socketPath: \\?\pipe\C:\Users\dhiraj\dj_Projects\React JS\Amazon_2.0\functions\908 {"metadata":{"emulator":{"name":"functions"},"message":"[worker-api-41cb4ca5-71bb-47d8-8a99-236fb09e514e]: Assigning socketPath: \\\\?\\pipe\\C:\\Users\\dhiraj\\dj_Projects\\React JS\\Amazon_2.0\\functions\\908"}}
[debug] [2020-10-26T13:59:50.969Z] [worker-api-41cb4ca5-71bb-47d8-8a99-236fb09e514e]: BUSY {"metadata":{"emulator":{"name":"functions"},"message":"[worker-api-41cb4ca5-71bb-47d8-8a99-236fb09e514e]: BUSY"}}
[debug] [2020-10-26T13:59:51.888Z] [runtime-status] [908] Functions runtime initialized. {"cwd":"C:\\Users\\dhiraj\\dj_Projects\\React JS\\Amazon_2.0\\functions","node_version":"12.18.3"} {"metadata":{"emulator":{"name":"functions"},"function":{"name":"api"},"message":"[runtime-status] [908] Functions runtime initialized. {\"cwd\":\"C:\\\\Users\\\\dhiraj\\\\dj_Projects\\\\React JS\\\\Amazon_2.0\\\\functions\",\"node_version\":\"12.18.3\"}"}}
[debug] [2020-10-26T13:59:51.899Z] [runtime-status] [908] Disabled runtime features: undefined {"metadata":{"emulator":{"name":"functions"},"function":{"name":"api"},"message":"[runtime-status] [908] Disabled runtime features: undefined"}}
[debug] [2020-10-26T13:59:51.914Z] [runtime-status] [908] Resolved module firebase-admin {"declared":true,"installed":true,"version":"8.13.0","resolution":"C:\\Users\\dhiraj\\dj_Projects\\React JS\\Amazon_2.0\\functions\\node_modules\\firebase-admin\\lib\\index.js"} {"metadata":{"emulator":{"name":"functions"},"function":{"name":"api"},"message":"[runtime-status] [908] Resolved module firebase-admin {\"declared\":true,\"installed\":true,\"version\":\"8.13.0\",\"resolution\":\"C:\\\\Users\\\\dhiraj\\\\dj_Projects\\\\React JS\\\\Amazon_2.0\\\\functions\\\\node_modules\\\\firebase-admin\\\\lib\\\\index.js\"}"}}
[debug] [2020-10-26T13:59:51.917Z] [runtime-status] [908] Resolved module firebase-functions {"declared":true,"installed":true,"version":"3.11.0","resolution":"C:\\Users\\dhiraj\\dj_Projects\\React JS\\Amazon_2.0\\functions\\node_modules\\firebase-functions\\lib\\index.js"} {"metadata":{"emulator":{"name":"functions"},"function":{"name":"api"},"message":"[runtime-status] [908] Resolved module firebase-functions {\"declared\":true,\"installed\":true,\"version\":\"3.11.0\",\"resolution\":\"C:\\\\Users\\\\dhiraj\\\\dj_Projects\\\\React JS\\\\Amazon_2.0\\\\functions\\\\node_modules\\\\firebase-functions\\\\lib\\\\index.js\"}"}}
[debug] [2020-10-26T13:59:51.920Z] [runtime-status] [908] Resolved module firebase-functions {"declared":true,"installed":true,"version":"3.11.0","resolution":"C:\\Users\\dhiraj\\dj_Projects\\React JS\\Amazon_2.0\\functions\\node_modules\\firebase-functions\\lib\\index.js"} {"metadata":{"emulator":{"name":"functions"},"function":{"name":"api"},"message":"[runtime-status] [908] Resolved module firebase-functions {\"declared\":true,\"installed\":true,\"version\":\"3.11.0\",\"resolution\":\"C:\\\\Users\\\\dhiraj\\\\dj_Projects\\\\React JS\\\\Amazon_2.0\\\\functions\\\\node_modules\\\\firebase-functions\\\\lib\\\\index.js\"}"}}
[debug] [2020-10-26T13:59:51.923Z] [runtime-status] [908] Outgoing network have been stubbed. [{"name":"http","status":"mocked"},{"name":"http","status":"mocked"},{"name":"https","status":"mocked"},{"name":"https","status":"mocked"},{"name":"net","status":"mocked"}] {"metadata":{"emulator":{"name":"functions"},"function":{"name":"api"},"message":"[runtime-status] [908] Outgoing network have been stubbed. [{\"name\":\"http\",\"status\":\"mocked\"},{\"name\":\"http\",\"status\":\"mocked\"},{\"name\":\"https\",\"status\":\"mocked\"},{\"name\":\"https\",\"status\":\"mocked\"},{\"name\":\"net\",\"status\":\"mocked\"}]"}}
[debug] [2020-10-26T13:59:51.924Z] [runtime-status] [908] Resolved module firebase-functions {"declared":true,"installed":true,"version":"3.11.0","resolution":"C:\\Users\\dhiraj\\dj_Projects\\React JS\\Amazon_2.0\\functions\\node_modules\\firebase-functions\\lib\\index.js"} {"metadata":{"emulator":{"name":"functions"},"function":{"name":"api"},"message":"[runtime-status] [908] Resolved module firebase-functions {\"declared\":true,\"installed\":true,\"version\":\"3.11.0\",\"resolution\":\"C:\\\\Users\\\\dhiraj\\\\dj_Projects\\\\React JS\\\\Amazon_2.0\\\\functions\\\\node_modules\\\\firebase-functions\\\\lib\\\\index.js\"}"}}
[debug] [2020-10-26T13:59:52.008Z] [runtime-status] [908] Checked functions.config() {"config":{}} {"metadata":{"emulator":{"name":"functions"},"function":{"name":"api"},"message":"[runtime-status] [908] Checked functions.config() {\"config\":{}}"}}
[debug] [2020-10-26T13:59:52.009Z] [runtime-status] [908] firebase-functions has been stubbed. {"functionsResolution":{"declared":true,"installed":true,"version":"3.11.0","resolution":"C:\\Users\\dhiraj\\dj_Projects\\React JS\\Amazon_2.0\\functions\\node_modules\\firebase-functions\\lib\\index.js"}} {"metadata":{"emulator":{"name":"functions"},"function":{"name":"api"},"message":"[runtime-status] [908] firebase-functions has been stubbed. {\"functionsResolution\":{\"declared\":true,\"installed\":true,\"version\":\"3.11.0\",\"resolution\":\"C:\\\\Users\\\\dhiraj\\\\dj_Projects\\\\React JS\\\\Amazon_2.0\\\\functions\\\\node_modules\\\\firebase-functions\\\\lib\\\\index.js\"}}"}}
[debug] [2020-10-26T13:59:52.010Z] [runtime-status] [908] Resolved module firebase-functions {"declared":true,"installed":true,"version":"3.11.0","resolution":"C:\\Users\\dhiraj\\dj_Projects\\React JS\\Amazon_2.0\\functions\\node_modules\\firebase-functions\\lib\\index.js"} {"metadata":{"emulator":{"name":"functions"},"function":{"name":"api"},"message":"[runtime-status] [908] Resolved module firebase-functions {\"declared\":true,\"installed\":true,\"version\":\"3.11.0\",\"resolution\":\"C:\\\\Users\\\\dhiraj\\\\dj_Projects\\\\React JS\\\\Amazon_2.0\\\\functions\\\\node_modules\\\\firebase-functions\\\\lib\\\\index.js\"}"}}
[debug] [2020-10-26T13:59:52.012Z] [runtime-status] [908] Resolved module firebase-admin {"declared":true,"installed":true,"version":"8.13.0","resolution":"C:\\Users\\dhiraj\\dj_Projects\\React JS\\Amazon_2.0\\functions\\node_modules\\firebase-admin\\lib\\index.js"} {"metadata":{"emulator":{"name":"functions"},"function":{"name":"api"},"message":"[runtime-status] [908] Resolved module firebase-admin {\"declared\":true,\"installed\":true,\"version\":\"8.13.0\",\"resolution\":\"C:\\\\Users\\\\dhiraj\\\\dj_Projects\\\\React JS\\\\Amazon_2.0\\\\functions\\\\node_modules\\\\firebase-admin\\\\lib\\\\index.js\"}"}}
[debug] [2020-10-26T13:59:52.013Z] [runtime-status] [908] Resolved module firebase-functions {"declared":true,"installed":true,"version":"3.11.0","resolution":"C:\\Users\\dhiraj\\dj_Projects\\React JS\\Amazon_2.0\\functions\\node_modules\\firebase-functions\\lib\\index.js"} {"metadata":{"emulator":{"name":"functions"},"function":{"name":"api"},"message":"[runtime-status] [908] Resolved module firebase-functions {\"declared\":true,\"installed\":true,\"version\":\"3.11.0\",\"resolution\":\"C:\\\\Users\\\\dhiraj\\\\dj_Projects\\\\React JS\\\\Amazon_2.0\\\\functions\\\\node_modules\\\\firebase-functions\\\\lib\\\\index.js\"}"}}
[debug] [2020-10-26T13:59:52.014Z] [runtime-status] [908] firebase-admin has been stubbed. {"adminResolution":{"declared":true,"installed":true,"version":"8.13.0","resolution":"C:\\Users\\dhiraj\\dj_Projects\\React JS\\Amazon_2.0\\functions\\node_modules\\firebase-admin\\lib\\index.js"}} {"metadata":{"emulator":{"name":"functions"},"function":{"name":"api"},"message":"[runtime-status] [908] firebase-admin has been stubbed. {\"adminResolution\":{\"declared\":true,\"installed\":true,\"version\":\"8.13.0\",\"resolution\":\"C:\\\\Users\\\\dhiraj\\\\dj_Projects\\\\React JS\\\\Amazon_2.0\\\\functions\\\\node_modules\\\\firebase-admin\\\\lib\\\\index.js\"}}"}}
[debug] [2020-10-26T13:59:52.323Z] [runtime-status] [908] Trigger "api" has been found, beginning invocation! {"metadata":{"emulator":{"name":"functions"},"function":{"name":"api"},"message":"[runtime-status] [908] Trigger \"api\" has been found, beginning invocation!"}}
[info] i  functions: Beginning execution of "api" {"metadata":{"emulator":{"name":"functions"},"function":{"name":"api"},"message":"Beginning execution of \"api\""}}
[debug] [2020-10-26T13:59:52.327Z] [runtime-status] [908] triggerDefinition {"httpsTrigger":{},"name":"api","entryPoint":"api"} {"metadata":{"emulator":{"name":"functions"},"function":{"name":"api"},"message":"[runtime-status] [908] triggerDefinition {\"httpsTrigger\":{},\"name\":\"api\",\"entryPoint\":\"api\"}"}}
[debug] [2020-10-26T13:59:52.328Z] [runtime-status] [908] Running api in mode HTTPS {"metadata":{"emulator":{"name":"functions"},"function":{"name":"api"},"message":"[runtime-status] [908] Running api in mode HTTPS"}}
[debug] [2020-10-26T13:59:52.334Z] [runtime-status] [908] Attempting to listen to socketPath: \\?\pipe\C:\Users\dhiraj\dj_Projects\React JS\Amazon_2.0\functions\908 {"metadata":{"emulator":{"name":"functions"},"function":{"name":"api"},"message":"[runtime-status] [908] Attempting to listen to socketPath: \\\\?\\pipe\\C:\\Users\\dhiraj\\dj_Projects\\React JS\\Amazon_2.0\\functions\\908"}}
[debug] [2020-10-26T13:59:52.339Z] [functions] Runtime ready! Sending request! {"metadata":{"emulator":{"name":"functions"},"message":"[functions] Runtime ready! Sending request!"}}
[debug] [2020-10-26T13:59:52.356Z] [runtime-status] [908] Ephemeral server handling GET request {"metadata":{"emulator":{"name":"functions"},"function":{"name":"api"},"message":"[runtime-status] [908] Ephemeral server handling GET request"}}
[debug] [2020-10-26T13:59:52.368Z] [runtime-status] [908] Ephemeral server survived. {"metadata":{"emulator":{"name":"functions"},"function":{"name":"api"},"message":"[runtime-status] [908] Ephemeral server survived."}}
[info] i  functions: Finished "api" in ~1s {"metadata":{"emulator":{"name":"functions"},"function":{"name":"api"},"message":"Finished \"api\" in ~1s"}}
[debug] [2020-10-26T13:59:52.376Z] [worker-api-41cb4ca5-71bb-47d8-8a99-236fb09e514e]: IDLE {"metadata":{"emulator":{"name":"functions"},"message":"[worker-api-41cb4ca5-71bb-47d8-8a99-236fb09e514e]: IDLE"}}
[debug] [2020-10-26T13:59:52.376Z] [work-queue] {"queueLength":0,"workRunningCount":1}
[warn] !  functions: Your function timed out after ~60s. To configure this timeout, see
      https://firebase.google.com/docs/functions/manage-functions#set_timeout_and_memory_allocation. {"metadata":{"emulator":{"name":"functions"},"function":{"name":"api"},"message":"Your function timed out after ~60s. To configure this timeout, see\n      https://firebase.google.com/docs/functions/manage-functions#set_timeout_and_memory_allocation."}}
[info] >  C:\Users\dhiraj\AppData\Roaming\npm\node_modules\firebase-tools\lib\emulator\functionsEmulatorRuntime.js:642 {"user":"C:\\Users\\dhiraj\\AppData\\Roaming\\npm\\node_modules\\firebase-tools\\lib\\emulator\\functionsEmulatorRuntime.js:642\r","metadata":{"emulator":{"name":"functions"},"function":{"name":"api"},"message":"\u001b[90m> \u001b[39m C:\\Users\\dhiraj\\AppData\\Roaming\\npm\\node_modules\\firebase-tools\\lib\\emulator\\functionsEmulatorRuntime.js:642\r"}}
[info] >                  throw new Error("Function timed out."); {"user":"                throw new Error(\"Function timed out.\");\r","metadata":{"emulator":{"name":"functions"},"function":{"name":"api"},"message":"\u001b[90m> \u001b[39m                 throw new Error(\"Function timed out.\");\r"}}
[info] >                  ^ {"user":"                ^\r","metadata":{"emulator":{"name":"functions"},"function":{"name":"api"},"message":"\u001b[90m> \u001b[39m                 ^\r"}}
[info] >   {"user":"\r","metadata":{"emulator":{"name":"functions"},"function":{"name":"api"},"message":"\u001b[90m> \u001b[39m \r"}}
[info] >  Error: Function timed out. {"user":"Error: Function timed out.\r","metadata":{"emulator":{"name":"functions"},"function":{"name":"api"},"message":"\u001b[90m> \u001b[39m Error: Function timed out.\r"}}
[info] >      at Timeout._onTimeout (C:\Users\dhiraj\AppData\Roaming\npm\node_modules\firebase-tools\lib\emulator\functionsEmulatorRuntime.js:642:23) {"user":"    at Timeout._onTimeout (C:\\Users\\dhiraj\\AppData\\Roaming\\npm\\node_modules\\firebase-tools\\lib\\emulator\\functionsEmulatorRuntime.js:642:23)\r","metadata":{"emulator":{"name":"functions"},"function":{"name":"api"},"message":"\u001b[90m> \u001b[39m     at Timeout._onTimeout (C:\\Users\\dhiraj\\AppData\\Roaming\\npm\\node_modules\\firebase-tools\\lib\\emulator\\functionsEmulatorRuntime.js:642:23)\r"}}
[info] >      at listOnTimeout (internal/timers.js:549:17) {"user":"    at listOnTimeout (internal/timers.js:549:17)\r","metadata":{"emulator":{"name":"functions"},"function":{"name":"api"},"message":"\u001b[90m> \u001b[39m     at listOnTimeout (internal/timers.js:549:17)\r"}}
[info] >      at processTimers (internal/timers.js:492:7) {"user":"    at processTimers (internal/timers.js:492:7)\r","metadata":{"emulator":{"name":"functions"},"function":{"name":"api"},"message":"\u001b[90m> \u001b[39m     at processTimers (internal/timers.js:492:7)\r"}}
[debug] [2020-10-26T14:00:39.103Z] [worker-api-804dfcef-7252-4fe3-b7fb-588f7e416ef6]: exited {"metadata":{"emulator":{"name":"functions"},"message":"[worker-api-804dfcef-7252-4fe3-b7fb-588f7e416ef6]: exited"}}
[debug] [2020-10-26T14:00:39.103Z] [worker-api-804dfcef-7252-4fe3-b7fb-588f7e416ef6]: FINISHED {"metadata":{"emulator":{"name":"functions"},"message":"[worker-api-804dfcef-7252-4fe3-b7fb-588f7e416ef6]: FINISHED"}}
[debug] [2020-10-26T14:00:39.104Z] [work-queue] {"queueLength":0,"workRunningCount":0}
[debug] [2020-10-26T14:02:28.576Z] [work-queue] {"queueLength":1,"workRunningCount":0}
[debug] [2020-10-26T14:02:28.577Z] [work-queue] {"queueLength":0,"workRunningCount":1}
[debug] [2020-10-26T14:02:28.578Z] Accepted request GET /dj-amaz-portfoliyo/us-central1/api --> api
[debug] [2020-10-26T14:02:28.585Z] [worker-pool] Cleaned up workers for api: 2 --> 1 {"metadata":{"emulator":{"name":"functions"},"message":"[worker-pool] Cleaned up workers for api: 2 --> 1"}}
[debug] [2020-10-26T14:02:28.585Z] [worker-pool] submitWork(triggerId=api) {"metadata":{"emulator":{"name":"functions"},"message":"[worker-pool] submitWork(triggerId=api)"}}
[debug] [2020-10-26T14:02:28.586Z] [worker-api-41cb4ca5-71bb-47d8-8a99-236fb09e514e]: Assigning socketPath: \\?\pipe\C:\Users\dhiraj\dj_Projects\React JS\Amazon_2.0\functions\908 {"metadata":{"emulator":{"name":"functions"},"message":"[worker-api-41cb4ca5-71bb-47d8-8a99-236fb09e514e]: Assigning socketPath: \\\\?\\pipe\\C:\\Users\\dhiraj\\dj_Projects\\React JS\\Amazon_2.0\\functions\\908"}}
[debug] [2020-10-26T14:02:28.590Z] [worker-api-41cb4ca5-71bb-47d8-8a99-236fb09e514e]: BUSY {"metadata":{"emulator":{"name":"functions"},"message":"[worker-api-41cb4ca5-71bb-47d8-8a99-236fb09e514e]: BUSY"}}
[debug] [2020-10-26T14:02:28.593Z] [runtime-status] [908] Trigger "api" has been found, beginning invocation! {"metadata":{"emulator":{"name":"functions"},"function":{"name":"api"},"message":"[runtime-status] [908] Trigger \"api\" has been found, beginning invocation!"}}
[info] i  functions: Beginning execution of "api" {"metadata":{"emulator":{"name":"functions"},"function":{"name":"api"},"message":"Beginning execution of \"api\""}}
[debug] [2020-10-26T14:02:28.596Z] [runtime-status] [908] triggerDefinition {"httpsTrigger":{},"name":"api","entryPoint":"api"} {"metadata":{"emulator":{"name":"functions"},"function":{"name":"api"},"message":"[runtime-status] [908] triggerDefinition {\"httpsTrigger\":{},\"name\":\"api\",\"entryPoint\":\"api\"}"}}
[debug] [2020-10-26T14:02:28.597Z] [runtime-status] [908] Running api in mode HTTPS {"metadata":{"emulator":{"name":"functions"},"function":{"name":"api"},"message":"[runtime-status] [908] Running api in mode HTTPS"}}
[debug] [2020-10-26T14:02:28.597Z] [runtime-status] [908] Attempting to listen to socketPath: \\?\pipe\C:\Users\dhiraj\dj_Projects\React JS\Amazon_2.0\functions\908 {"metadata":{"emulator":{"name":"functions"},"function":{"name":"api"},"message":"[runtime-status] [908] Attempting to listen to socketPath: \\\\?\\pipe\\C:\\Users\\dhiraj\\dj_Projects\\React JS\\Amazon_2.0\\functions\\908"}}
[debug] [2020-10-26T14:02:28.599Z] [functions] Runtime ready! Sending request! {"metadata":{"emulator":{"name":"functions"},"message":"[functions] Runtime ready! Sending request!"}}
[debug] [2020-10-26T14:02:28.604Z] [runtime-status] [908] Ephemeral server handling GET request {"metadata":{"emulator":{"name":"functions"},"function":{"name":"api"},"message":"[runtime-status] [908] Ephemeral server handling GET request"}}
[debug] [2020-10-26T14:02:28.608Z] [runtime-status] [908] Ephemeral server survived. {"metadata":{"emulator":{"name":"functions"},"function":{"name":"api"},"message":"[runtime-status] [908] Ephemeral server survived."}}
[info] i  functions: Finished "api" in ~1s {"metadata":{"emulator":{"name":"functions"},"function":{"name":"api"},"message":"Finished \"api\" in ~1s"}}
[debug] [2020-10-26T14:02:28.610Z] [worker-api-41cb4ca5-71bb-47d8-8a99-236fb09e514e]: IDLE {"metadata":{"emulator":{"name":"functions"},"message":"[worker-api-41cb4ca5-71bb-47d8-8a99-236fb09e514e]: IDLE"}}
[debug] [2020-10-26T14:02:28.611Z] [work-queue] {"queueLength":0,"workRunningCount":0}
[debug] [2020-10-26T14:10:55.198Z] [work-queue] {"queueLength":1,"workRunningCount":0}
[debug] [2020-10-26T14:10:55.199Z] [work-queue] {"queueLength":0,"workRunningCount":1}
[debug] [2020-10-26T14:10:55.199Z] Accepted request POST /dj-amaz-portfoliyo/us-central1/api/payments/create?total=6106100 --> api
[debug] [2020-10-26T14:10:55.200Z] [worker-pool] submitWork(triggerId=api) {"metadata":{"emulator":{"name":"functions"},"message":"[worker-pool] submitWork(triggerId=api)"}}
[debug] [2020-10-26T14:10:55.200Z] [worker-api-41cb4ca5-71bb-47d8-8a99-236fb09e514e]: Assigning socketPath: \\?\pipe\C:\Users\dhiraj\dj_Projects\React JS\Amazon_2.0\functions\908 {"metadata":{"emulator":{"name":"functions"},"message":"[worker-api-41cb4ca5-71bb-47d8-8a99-236fb09e514e]: Assigning socketPath: \\\\?\\pipe\\C:\\Users\\dhiraj\\dj_Projects\\React JS\\Amazon_2.0\\functions\\908"}}
[debug] [2020-10-26T14:10:55.201Z] [worker-api-41cb4ca5-71bb-47d8-8a99-236fb09e514e]: BUSY {"metadata":{"emulator":{"name":"functions"},"message":"[worker-api-41cb4ca5-71bb-47d8-8a99-236fb09e514e]: BUSY"}}
[debug] [2020-10-26T14:10:55.203Z] [runtime-status] [908] Trigger "api" has been found, beginning invocation! {"metadata":{"emulator":{"name":"functions"},"function":{"name":"api"},"message":"[runtime-status] [908] Trigger \"api\" has been found, beginning invocation!"}}
[info] i  functions: Beginning execution of "api" {"metadata":{"emulator":{"name":"functions"},"function":{"name":"api"},"message":"Beginning execution of \"api\""}}
[debug] [2020-10-26T14:10:55.206Z] [runtime-status] [908] triggerDefinition {"httpsTrigger":{},"name":"api","entryPoint":"api"} {"metadata":{"emulator":{"name":"functions"},"function":{"name":"api"},"message":"[runtime-status] [908] triggerDefinition {\"httpsTrigger\":{},\"name\":\"api\",\"entryPoint\":\"api\"}"}}
[debug] [2020-10-26T14:10:55.207Z] [runtime-status] [908] Running api in mode HTTPS {"metadata":{"emulator":{"name":"functions"},"function":{"name":"api"},"message":"[runtime-status] [908] Running api in mode HTTPS"}}
[debug] [2020-10-26T14:10:55.208Z] [runtime-status] [908] Attempting to listen to socketPath: \\?\pipe\C:\Users\dhiraj\dj_Projects\React JS\Amazon_2.0\functions\908 {"metadata":{"emulator":{"name":"functions"},"function":{"name":"api"},"message":"[runtime-status] [908] Attempting to listen to socketPath: \\\\?\\pipe\\C:\\Users\\dhiraj\\dj_Projects\\React JS\\Amazon_2.0\\functions\\908"}}
[debug] [2020-10-26T14:10:55.211Z] [functions] Runtime ready! Sending request! {"metadata":{"emulator":{"name":"functions"},"message":"[functions] Runtime ready! Sending request!"}}
[debug] [2020-10-26T14:10:55.223Z] [runtime-status] [908] Ephemeral server handling POST request {"metadata":{"emulator":{"name":"functions"},"function":{"name":"api"},"message":"[runtime-status] [908] Ephemeral server handling POST request"}}
[info] >  Payment Request Recieved BOOM!!! for this amount >>>  6106100 {"user":"Payment Request Recieved BOOM!!! for this amount >>>  6106100","metadata":{"emulator":{"name":"functions"},"function":{"name":"api"},"message":"\u001b[90m> \u001b[39m Payment Request Recieved BOOM!!! for this amount >>>  6106100"}}
[debug] [2020-10-26T14:10:55.245Z] [runtime-status] [908] Ephemeral server survived. {"metadata":{"emulator":{"name":"functions"},"function":{"name":"api"},"message":"[runtime-status] [908] Ephemeral server survived."}}
[info] i  functions: Finished "api" in ~1s {"metadata":{"emulator":{"name":"functions"},"function":{"name":"api"},"message":"Finished \"api\" in ~1s"}}
[debug] [2020-10-26T14:10:56.255Z] [worker-api-41cb4ca5-71bb-47d8-8a99-236fb09e514e]: IDLE {"metadata":{"emulator":{"name":"functions"},"message":"[worker-api-41cb4ca5-71bb-47d8-8a99-236fb09e514e]: IDLE"}}
[debug] [2020-10-26T14:10:56.256Z] [work-queue] {"queueLength":0,"workRunningCount":0}
[debug] [2020-10-26T13:59:07.278Z] ----------------------------------------------------------------------
[debug] [2020-10-26T13:59:07.282Z] Command:       C:\Program Files\nodejs\node.exe C:\Users\dhiraj\AppData\Roaming\npm\node_modules\firebase-tools\lib\bin\firebase.js emulators:start
[debug] [2020-10-26T13:59:07.282Z] CLI Version:   8.12.1
[debug] [2020-10-26T13:59:07.282Z] Platform:      win32
[debug] [2020-10-26T13:59:07.283Z] Node Version:  v12.18.3
[debug] [2020-10-26T13:59:07.284Z] Time:          Mon Oct 26 2020 19:29:07 GMT+0530 (India Standard Time)
[debug] [2020-10-26T13:59:07.285Z] ----------------------------------------------------------------------
[debug] [2020-10-26T13:59:07.285Z] 
[debug] [2020-10-26T13:59:07.358Z] > command requires scopes: ["email","openid","https://www.googleapis.com/auth/cloudplatformprojects.readonly","https://www.googleapis.com/auth/firebase","https://www.googleapis.com/auth/cloud-platform"]
[debug] [2020-10-26T13:59:07.361Z] > authorizing via signed-in user
[info] i  emulators: Starting emulators: functions, hosting {"metadata":{"emulator":{"name":"hub"},"message":"Starting emulators: functions, hosting"}}
[warn] !  emulators: It seems that you are running multiple instances of the emulator suite for project dj-amaz-portfoliyo. This may result in unexpected behavior. 
[debug] [2020-10-26T13:59:08.519Z] [hub] writing locator at C:\Users\dhiraj\AppData\Local\Temp\hub-dj-amaz-portfoliyo.json
[warn] !  functions: The following emulators are not running, calls to these services from the Functions emulator will affect production: auth, firestore, database, pubsub {"metadata":{"emulator":{"name":"functions"},"message":"The following emulators are not running, calls to these services from the Functions emulator will affect production: \u001b[1mauth, firestore, database, pubsub\u001b[22m"}}
[warn] !  Your requested "node" version "10" doesn't match your global version "12" {"metadata":{"emulator":{"name":"functions"},"message":"Your requested \"node\" version \"10\" doesn't match your global version \"12\""}}
[debug] [2020-10-26T13:59:09.740Z] defaultcredentials: writing to file C:\Users\dhiraj\AppData\Roaming\firebase\dhirajjuneja22_dj_gmail.com_application_default_credentials.json
[debug] [2020-10-26T13:59:09.749Z] Setting GAC to C:\Users\dhiraj\AppData\Roaming\firebase\dhirajjuneja22_dj_gmail.com_application_default_credentials.json {"metadata":{"emulator":{"name":"functions"},"message":"Setting GAC to C:\\Users\\dhiraj\\AppData\\Roaming\\firebase\\dhirajjuneja22_dj_gmail.com_application_default_credentials.json"}}
[debug] [2020-10-26T13:59:10.780Z] >>> HTTP REQUEST GET https://firebase.googleapis.com/v1beta1/projects/dj-amaz-portfoliyo/webApps/-/config  
 
[debug] [2020-10-26T13:59:11.145Z] <<< HTTP RESPONSE 401 {"www-authenticate":"Bearer realm=\"https://accounts.google.com/\", error=\"invalid_token\"","vary":"X-Origin, Referer, Origin,Accept-Encoding","content-type":"application/json; charset=UTF-8","date":"Tue, 27 Oct 2020 04:32:34 GMT","server":"ESF","cache-control":"private","x-xss-protection":"0","x-frame-options":"SAMEORIGIN","x-content-type-options":"nosniff","alt-svc":"h3-Q050=\":443\"; ma=2592000,h3-29=\":443\"; ma=2592000,h3-T051=\":443\"; ma=2592000,h3-T050=\":443\"; ma=2592000,h3-Q046=\":443\"; ma=2592000,h3-Q043=\":443\"; ma=2592000,quic=\":443\"; ma=2592000; v=\"46,43\"","accept-ranges":"none","transfer-encoding":"chunked"}
[debug] [2020-10-26T13:59:11.145Z] <<< HTTP RESPONSE BODY {"error":{"code":401,"message":"Request had invalid authentication credentials. Expected OAuth 2 access token, login cookie or other valid authentication credential. See https://developers.google.com/identity/sign-in/web/devconsole-project.","status":"UNAUTHENTICATED"}}
[debug] [2020-10-26T13:59:11.148Z] fetchWebSetup error: FirebaseError: HTTP Error: 401, Request had invalid authentication credentials. Expected OAuth 2 access token, login cookie or other valid authentication credential. See https://developers.google.com/identity/sign-in/web/devconsole-project.
[warn] !  hosting: Using web app configuration from cache. 
[info] i  hosting: Serving hosting files from: build {"metadata":{"emulator":{"name":"hosting"},"message":"Serving hosting files from: \u001b[1mbuild\u001b[22m"}}
[info] +  hosting: Local server: http://localhost:5000 {"metadata":{"emulator":{"name":"hosting"},"message":"Local server: \u001b[4m\u001b[1mhttp://localhost:5000\u001b[22m\u001b[24m"}}
[debug] [2020-10-26T13:59:13.499Z] Ignoring unsupported arg: auto_download {"metadata":{"emulator":{"name":"ui"},"message":"Ignoring unsupported arg: auto_download"}}
[debug] [2020-10-26T13:59:13.500Z] Ignoring unsupported arg: port {"metadata":{"emulator":{"name":"ui"},"message":"Ignoring unsupported arg: port"}}
[debug] [2020-10-26T13:59:13.500Z] Starting Emulator UI with command {"binary":"node","args":["C:\\Users\\dhiraj\\.cache\\firebase\\emulators\\ui-v1.1.1\\server.bundle.js"],"optionalArgs":[],"joinArgs":false} {"metadata":{"emulator":{"name":"ui"},"message":"Starting Emulator UI with command {\"binary\":\"node\",\"args\":[\"C:\\\\Users\\\\dhiraj\\\\.cache\\\\firebase\\\\emulators\\\\ui-v1.1.1\\\\server.bundle.js\"],\"optionalArgs\":[],\"joinArgs\":false}"}}
[info] i  ui: Emulator UI logging to ui-debug.log {"metadata":{"emulator":{"name":"ui"},"message":"Emulator UI logging to \u001b[1mui-debug.log\u001b[22m"}}
[debug] [2020-10-26T13:59:13.969Z] Web / API server started at http://localhost:4000
 {"metadata":{"emulator":{"name":"ui"},"message":"Web / API server started at http://localhost:4000\n"}}
[info] i  functions: Watching "C:\Users\dhiraj\dj_Projects\React JS\Amazon_2.0\functions" for Cloud Functions... {"metadata":{"emulator":{"name":"functions"},"message":"Watching \"C:\\Users\\dhiraj\\dj_Projects\\React JS\\Amazon_2.0\\functions\" for Cloud Functions..."}}
[debug] [2020-10-26T13:59:14.102Z] [worker-pool] addWorker(~diagnostic~) {"metadata":{"emulator":{"name":"functions"},"message":"[worker-pool] addWorker(~diagnostic~)"}}
[debug] [2020-10-26T13:59:14.104Z] [worker-pool] Adding worker with key ~diagnostic~, total=1 {"metadata":{"emulator":{"name":"functions"},"message":"[worker-pool] Adding worker with key ~diagnostic~, total=1"}}
[debug] [2020-10-26T13:59:14.104Z] [worker-pool] submitWork(triggerId=) {"metadata":{"emulator":{"name":"functions"},"message":"[worker-pool] submitWork(triggerId=)"}}
[debug] [2020-10-26T13:59:14.105Z] [worker-~diagnostic~-a4efa3aa-1b02-4111-8678-c86eb1b3f3b4]: Assigning socketPath: \\?\pipe\C:\Users\dhiraj\dj_Projects\React JS\Amazon_2.0\functions\5644 {"metadata":{"emulator":{"name":"functions"},"message":"[worker-~diagnostic~-a4efa3aa-1b02-4111-8678-c86eb1b3f3b4]: Assigning socketPath: \\\\?\\pipe\\C:\\Users\\dhiraj\\dj_Projects\\React JS\\Amazon_2.0\\functions\\5644"}}
[debug] [2020-10-26T13:59:14.106Z] [worker-~diagnostic~-a4efa3aa-1b02-4111-8678-c86eb1b3f3b4]: BUSY {"metadata":{"emulator":{"name":"functions"},"message":"[worker-~diagnostic~-a4efa3aa-1b02-4111-8678-c86eb1b3f3b4]: BUSY"}}
[debug] [2020-10-26T13:59:14.998Z] [runtime-status] [5644] Functions runtime initialized. {"cwd":"C:\\Users\\dhiraj\\dj_Projects\\React JS\\Amazon_2.0\\functions","node_version":"12.18.3"} {"metadata":{"emulator":{"name":"functions"},"message":"[runtime-status] [5644] Functions runtime initialized. {\"cwd\":\"C:\\\\Users\\\\dhiraj\\\\dj_Projects\\\\React JS\\\\Amazon_2.0\\\\functions\",\"node_version\":\"12.18.3\"}"}}
[debug] [2020-10-26T13:59:15.008Z] [runtime-status] [5644] Disabled runtime features: undefined {"metadata":{"emulator":{"name":"functions"},"message":"[runtime-status] [5644] Disabled runtime features: undefined"}}
[debug] [2020-10-26T13:59:15.056Z] [runtime-status] [5644] Resolved module firebase-admin {"declared":true,"installed":true,"version":"8.13.0","resolution":"C:\\Users\\dhiraj\\dj_Projects\\React JS\\Amazon_2.0\\functions\\node_modules\\firebase-admin\\lib\\index.js"} {"metadata":{"emulator":{"name":"functions"},"message":"[runtime-status] [5644] Resolved module firebase-admin {\"declared\":true,\"installed\":true,\"version\":\"8.13.0\",\"resolution\":\"C:\\\\Users\\\\dhiraj\\\\dj_Projects\\\\React JS\\\\Amazon_2.0\\\\functions\\\\node_modules\\\\firebase-admin\\\\lib\\\\index.js\"}"}}
[debug] [2020-10-26T13:59:15.106Z] [runtime-status] [5644] Resolved module firebase-functions {"declared":true,"installed":true,"version":"3.11.0","resolution":"C:\\Users\\dhiraj\\dj_Projects\\React JS\\Amazon_2.0\\functions\\node_modules\\firebase-functions\\lib\\index.js"} {"metadata":{"emulator":{"name":"functions"},"message":"[runtime-status] [5644] Resolved module firebase-functions {\"declared\":true,\"installed\":true,\"version\":\"3.11.0\",\"resolution\":\"C:\\\\Users\\\\dhiraj\\\\dj_Projects\\\\React JS\\\\Amazon_2.0\\\\functions\\\\node_modules\\\\firebase-functions\\\\lib\\\\index.js\"}"}}
[debug] [2020-10-26T13:59:15.110Z] [runtime-status] [5644] Resolved module firebase-functions {"declared":true,"installed":true,"version":"3.11.0","resolution":"C:\\Users\\dhiraj\\dj_Projects\\React JS\\Amazon_2.0\\functions\\node_modules\\firebase-functions\\lib\\index.js"} {"metadata":{"emulator":{"name":"functions"},"message":"[runtime-status] [5644] Resolved module firebase-functions {\"declared\":true,\"installed\":true,\"version\":\"3.11.0\",\"resolution\":\"C:\\\\Users\\\\dhiraj\\\\dj_Projects\\\\React JS\\\\Amazon_2.0\\\\functions\\\\node_modules\\\\firebase-functions\\\\lib\\\\index.js\"}"}}
[debug] [2020-10-26T13:59:15.117Z] [runtime-status] [5644] Outgoing network have been stubbed. [{"name":"http","status":"mocked"},{"name":"http","status":"mocked"},{"name":"https","status":"mocked"},{"name":"https","status":"mocked"},{"name":"net","status":"mocked"}] {"metadata":{"emulator":{"name":"functions"},"message":"[runtime-status] [5644] Outgoing network have been stubbed. [{\"name\":\"http\",\"status\":\"mocked\"},{\"name\":\"http\",\"status\":\"mocked\"},{\"name\":\"https\",\"status\":\"mocked\"},{\"name\":\"https\",\"status\":\"mocked\"},{\"name\":\"net\",\"status\":\"mocked\"}]"}}
[debug] [2020-10-26T13:59:15.120Z] [runtime-status] [5644] Resolved module firebase-functions {"declared":true,"installed":true,"version":"3.11.0","resolution":"C:\\Users\\dhiraj\\dj_Projects\\React JS\\Amazon_2.0\\functions\\node_modules\\firebase-functions\\lib\\index.js"} {"metadata":{"emulator":{"name":"functions"},"message":"[runtime-status] [5644] Resolved module firebase-functions {\"declared\":true,\"installed\":true,\"version\":\"3.11.0\",\"resolution\":\"C:\\\\Users\\\\dhiraj\\\\dj_Projects\\\\React JS\\\\Amazon_2.0\\\\functions\\\\node_modules\\\\firebase-functions\\\\lib\\\\index.js\"}"}}
[debug] [2020-10-26T13:59:16.261Z] [runtime-status] [5644] Checked functions.config() {"config":{}} {"metadata":{"emulator":{"name":"functions"},"message":"[runtime-status] [5644] Checked functions.config() {\"config\":{}}"}}
[debug] [2020-10-26T13:59:16.262Z] [runtime-status] [5644] firebase-functions has been stubbed. {"functionsResolution":{"declared":true,"installed":true,"version":"3.11.0","resolution":"C:\\Users\\dhiraj\\dj_Projects\\React JS\\Amazon_2.0\\functions\\node_modules\\firebase-functions\\lib\\index.js"}} {"metadata":{"emulator":{"name":"functions"},"message":"[runtime-status] [5644] firebase-functions has been stubbed. {\"functionsResolution\":{\"declared\":true,\"installed\":true,\"version\":\"3.11.0\",\"resolution\":\"C:\\\\Users\\\\dhiraj\\\\dj_Projects\\\\React JS\\\\Amazon_2.0\\\\functions\\\\node_modules\\\\firebase-functions\\\\lib\\\\index.js\"}}"}}
[debug] [2020-10-26T13:59:16.263Z] [runtime-status] [5644] Resolved module firebase-functions {"declared":true,"installed":true,"version":"3.11.0","resolution":"C:\\Users\\dhiraj\\dj_Projects\\React JS\\Amazon_2.0\\functions\\node_modules\\firebase-functions\\lib\\index.js"} {"metadata":{"emulator":{"name":"functions"},"message":"[runtime-status] [5644] Resolved module firebase-functions {\"declared\":true,\"installed\":true,\"version\":\"3.11.0\",\"resolution\":\"C:\\\\Users\\\\dhiraj\\\\dj_Projects\\\\React JS\\\\Amazon_2.0\\\\functions\\\\node_modules\\\\firebase-functions\\\\lib\\\\index.js\"}"}}
[debug] [2020-10-26T13:59:16.267Z] [runtime-status] [5644] Resolved module firebase-admin {"declared":true,"installed":true,"version":"8.13.0","resolution":"C:\\Users\\dhiraj\\dj_Projects\\React JS\\Amazon_2.0\\functions\\node_modules\\firebase-admin\\lib\\index.js"} {"metadata":{"emulator":{"name":"functions"},"message":"[runtime-status] [5644] Resolved module firebase-admin {\"declared\":true,\"installed\":true,\"version\":\"8.13.0\",\"resolution\":\"C:\\\\Users\\\\dhiraj\\\\dj_Projects\\\\React JS\\\\Amazon_2.0\\\\functions\\\\node_modules\\\\firebase-admin\\\\lib\\\\index.js\"}"}}
[debug] [2020-10-26T13:59:16.270Z] [runtime-status] [5644] Resolved module firebase-functions {"declared":true,"installed":true,"version":"3.11.0","resolution":"C:\\Users\\dhiraj\\dj_Projects\\React JS\\Amazon_2.0\\functions\\node_modules\\firebase-functions\\lib\\index.js"} {"metadata":{"emulator":{"name":"functions"},"message":"[runtime-status] [5644] Resolved module firebase-functions {\"declared\":true,\"installed\":true,\"version\":\"3.11.0\",\"resolution\":\"C:\\\\Users\\\\dhiraj\\\\dj_Projects\\\\React JS\\\\Amazon_2.0\\\\functions\\\\node_modules\\\\firebase-functions\\\\lib\\\\index.js\"}"}}
[debug] [2020-10-26T13:59:16.272Z] [runtime-status] [5644] firebase-admin has been stubbed. {"adminResolution":{"declared":true,"installed":true,"version":"8.13.0","resolution":"C:\\Users\\dhiraj\\dj_Projects\\React JS\\Amazon_2.0\\functions\\node_modules\\firebase-admin\\lib\\index.js"}} {"metadata":{"emulator":{"name":"functions"},"message":"[runtime-status] [5644] firebase-admin has been stubbed. {\"adminResolution\":{\"declared\":true,\"installed\":true,\"version\":\"8.13.0\",\"resolution\":\"C:\\\\Users\\\\dhiraj\\\\dj_Projects\\\\React JS\\\\Amazon_2.0\\\\functions\\\\node_modules\\\\firebase-admin\\\\lib\\\\index.js\"}}"}}
[info] +  functions[api]: http function initialized (http://localhost:5001/dj-amaz-portfoliyo/us-central1/api). {"metadata":{"emulator":{"name":"functions"},"message":"\u001b[1mhttp\u001b[22m function initialized (http://localhost:5001/dj-amaz-portfoliyo/us-central1/api)."}}
[info] 
┌───────────────────────────────────────────────────────────────────────┐
│ ✔  All emulators ready! View status and logs at http://localhost:4000 │
└───────────────────────────────────────────────────────────────────────┘

┌───────────┬────────────────┬─────────────────────────────────┐
│ Emulator  │ Host:Port      │ View in Emulator UI             │
├───────────┼────────────────┼─────────────────────────────────┤
│ Functions │ localhost:5001 │ http://localhost:4000/functions │
├───────────┼────────────────┼─────────────────────────────────┤
│ Hosting   │ localhost:5000 │ n/a                             │
└───────────┴────────────────┴─────────────────────────────────┘
  Other reserved ports: 4400, 4500

Issues? Report them at https://github.com/firebase/firebase-tools/issues and attach the *-debug.log files.
 
[debug] [2020-10-26T13:59:18.638Z] [worker-~diagnostic~-a4efa3aa-1b02-4111-8678-c86eb1b3f3b4]: IDLE {"metadata":{"emulator":{"name":"functions"},"message":"[worker-~diagnostic~-a4efa3aa-1b02-4111-8678-c86eb1b3f3b4]: IDLE"}}
