[debug] [2020-10-28T04:21:50.041Z] ----------------------------------------------------------------------
[debug] [2020-10-28T04:21:50.047Z] Command:       C:\Program Files\nodejs\node.exe C:\Users\dhiraj\AppData\Roaming\npm\node_modules\firebase-tools\lib\bin\firebase.js emulators:start
[debug] [2020-10-28T04:21:50.048Z] CLI Version:   8.12.1
[debug] [2020-10-28T04:21:50.048Z] Platform:      win32
[debug] [2020-10-28T04:21:50.048Z] Node Version:  v12.18.3
[debug] [2020-10-28T04:21:50.050Z] Time:          Wed Oct 28 2020 09:51:50 GMT+0530 (India Standard Time)
[debug] [2020-10-28T04:21:50.050Z] ----------------------------------------------------------------------
[debug] [2020-10-28T04:21:50.051Z] 
[debug] [2020-10-28T04:21:50.108Z] > command requires scopes: ["email","openid","https://www.googleapis.com/auth/cloudplatformprojects.readonly","https://www.googleapis.com/auth/firebase","https://www.googleapis.com/auth/cloud-platform"]
[debug] [2020-10-28T04:21:50.109Z] > authorizing via signed-in user
[info] i  emulators: Starting emulators: functions, hosting {"metadata":{"emulator":{"name":"hub"},"message":"Starting emulators: functions, hosting"}}
[debug] [2020-10-28T04:21:51.428Z] [hub] writing locator at C:\Users\dhiraj\AppData\Local\Temp\hub-dj-amaz-portfoliyo.json
[warn] !  functions: The following emulators are not running, calls to these services from the Functions emulator will affect production: auth, firestore, database, pubsub {"metadata":{"emulator":{"name":"functions"},"message":"The following emulators are not running, calls to these services from the Functions emulator will affect production: \u001b[1mauth, firestore, database, pubsub\u001b[22m"}}
[warn] !  Your requested "node" version "10" doesn't match your global version "12" {"metadata":{"emulator":{"name":"functions"},"message":"Your requested \"node\" version \"10\" doesn't match your global version \"12\""}}
[debug] [2020-10-28T04:21:52.525Z] defaultcredentials: writing to file C:\Users\dhiraj\AppData\Roaming\firebase\dhirajjuneja22_dj_gmail.com_application_default_credentials.json
[debug] [2020-10-28T04:21:52.531Z] Setting GAC to C:\Users\dhiraj\AppData\Roaming\firebase\dhirajjuneja22_dj_gmail.com_application_default_credentials.json {"metadata":{"emulator":{"name":"functions"},"message":"Setting GAC to C:\\Users\\dhiraj\\AppData\\Roaming\\firebase\\dhirajjuneja22_dj_gmail.com_application_default_credentials.json"}}
[debug] [2020-10-28T04:21:53.555Z] > refreshing access token with scopes: ["email","https://www.googleapis.com/auth/cloud-platform","https://www.googleapis.com/auth/cloudplatformprojects.readonly","https://www.googleapis.com/auth/firebase","openid"]
[debug] [2020-10-28T04:21:53.555Z] >>> HTTP REQUEST POST https://www.googleapis.com/oauth2/v3/token  
 <request body omitted>
[debug] [2020-10-28T04:21:53.639Z] fetchWebSetup error: FirebaseError: Authentication Error: Your credentials are no longer valid. Please run firebase login --reauth

For CI servers and headless environments, generate a new token with firebase login:ci
[warn] !  hosting: Using web app configuration from cache. 
[info] i  hosting: Serving hosting files from: build {"metadata":{"emulator":{"name":"hosting"},"message":"Serving hosting files from: \u001b[1mbuild\u001b[22m"}}
[info] +  hosting: Local server: http://localhost:5000 {"metadata":{"emulator":{"name":"hosting"},"message":"Local server: \u001b[4m\u001b[1mhttp://localhost:5000\u001b[22m\u001b[24m"}}
[debug] [2020-10-28T04:21:56.020Z] Ignoring unsupported arg: auto_download {"metadata":{"emulator":{"name":"ui"},"message":"Ignoring unsupported arg: auto_download"}}
[debug] [2020-10-28T04:21:56.021Z] Ignoring unsupported arg: port {"metadata":{"emulator":{"name":"ui"},"message":"Ignoring unsupported arg: port"}}
[debug] [2020-10-28T04:21:56.021Z] Starting Emulator UI with command {"binary":"node","args":["C:\\Users\\dhiraj\\.cache\\firebase\\emulators\\ui-v1.1.1\\server.bundle.js"],"optionalArgs":[],"joinArgs":false} {"metadata":{"emulator":{"name":"ui"},"message":"Starting Emulator UI with command {\"binary\":\"node\",\"args\":[\"C:\\\\Users\\\\dhiraj\\\\.cache\\\\firebase\\\\emulators\\\\ui-v1.1.1\\\\server.bundle.js\"],\"optionalArgs\":[],\"joinArgs\":false}"}}
[info] i  ui: Emulator UI logging to ui-debug.log {"metadata":{"emulator":{"name":"ui"},"message":"Emulator UI logging to \u001b[1mui-debug.log\u001b[22m"}}
[debug] [2020-10-28T04:21:56.354Z] Web / API server started at http://localhost:4000
 {"metadata":{"emulator":{"name":"ui"},"message":"Web / API server started at http://localhost:4000\n"}}
[info] i  functions: Watching "C:\Users\dhiraj\dj_Projects\React JS\Amazon_2.0\functions" for Cloud Functions... {"metadata":{"emulator":{"name":"functions"},"message":"Watching \"C:\\Users\\dhiraj\\dj_Projects\\React JS\\Amazon_2.0\\functions\" for Cloud Functions..."}}
[debug] [2020-10-28T04:21:56.588Z] [worker-pool] addWorker(~diagnostic~) {"metadata":{"emulator":{"name":"functions"},"message":"[worker-pool] addWorker(~diagnostic~)"}}
[debug] [2020-10-28T04:21:56.589Z] [worker-pool] Adding worker with key ~diagnostic~, total=1 {"metadata":{"emulator":{"name":"functions"},"message":"[worker-pool] Adding worker with key ~diagnostic~, total=1"}}
[debug] [2020-10-28T04:21:56.589Z] [worker-pool] submitWork(triggerId=) {"metadata":{"emulator":{"name":"functions"},"message":"[worker-pool] submitWork(triggerId=)"}}
[debug] [2020-10-28T04:21:56.590Z] [worker-~diagnostic~-4d66e509-9068-4c2f-b921-3e88d8289ea7]: Assigning socketPath: \\?\pipe\C:\Users\dhiraj\dj_Projects\React JS\Amazon_2.0\functions\956 {"metadata":{"emulator":{"name":"functions"},"message":"[worker-~diagnostic~-4d66e509-9068-4c2f-b921-3e88d8289ea7]: Assigning socketPath: \\\\?\\pipe\\C:\\Users\\dhiraj\\dj_Projects\\React JS\\Amazon_2.0\\functions\\956"}}
[debug] [2020-10-28T04:21:56.591Z] [worker-~diagnostic~-4d66e509-9068-4c2f-b921-3e88d8289ea7]: BUSY {"metadata":{"emulator":{"name":"functions"},"message":"[worker-~diagnostic~-4d66e509-9068-4c2f-b921-3e88d8289ea7]: BUSY"}}
[debug] [2020-10-28T04:21:57.424Z] [runtime-status] [956] Functions runtime initialized. {"cwd":"C:\\Users\\dhiraj\\dj_Projects\\React JS\\Amazon_2.0\\functions","node_version":"12.18.3"} {"metadata":{"emulator":{"name":"functions"},"message":"[runtime-status] [956] Functions runtime initialized. {\"cwd\":\"C:\\\\Users\\\\dhiraj\\\\dj_Projects\\\\React JS\\\\Amazon_2.0\\\\functions\",\"node_version\":\"12.18.3\"}"}}
[debug] [2020-10-28T04:21:57.434Z] [runtime-status] [956] Disabled runtime features: undefined {"metadata":{"emulator":{"name":"functions"},"message":"[runtime-status] [956] Disabled runtime features: undefined"}}
[debug] [2020-10-28T04:21:57.519Z] [runtime-status] [956] Resolved module firebase-admin {"declared":true,"installed":true,"version":"8.13.0","resolution":"C:\\Users\\dhiraj\\dj_Projects\\React JS\\Amazon_2.0\\functions\\node_modules\\firebase-admin\\lib\\index.js"} {"metadata":{"emulator":{"name":"functions"},"message":"[runtime-status] [956] Resolved module firebase-admin {\"declared\":true,\"installed\":true,\"version\":\"8.13.0\",\"resolution\":\"C:\\\\Users\\\\dhiraj\\\\dj_Projects\\\\React JS\\\\Amazon_2.0\\\\functions\\\\node_modules\\\\firebase-admin\\\\lib\\\\index.js\"}"}}
[debug] [2020-10-28T04:21:57.580Z] [runtime-status] [956] Resolved module firebase-functions {"declared":true,"installed":true,"version":"3.11.0","resolution":"C:\\Users\\dhiraj\\dj_Projects\\React JS\\Amazon_2.0\\functions\\node_modules\\firebase-functions\\lib\\index.js"} {"metadata":{"emulator":{"name":"functions"},"message":"[runtime-status] [956] Resolved module firebase-functions {\"declared\":true,\"installed\":true,\"version\":\"3.11.0\",\"resolution\":\"C:\\\\Users\\\\dhiraj\\\\dj_Projects\\\\React JS\\\\Amazon_2.0\\\\functions\\\\node_modules\\\\firebase-functions\\\\lib\\\\index.js\"}"}}
[debug] [2020-10-28T04:21:57.584Z] [runtime-status] [956] Resolved module firebase-functions {"declared":true,"installed":true,"version":"3.11.0","resolution":"C:\\Users\\dhiraj\\dj_Projects\\React JS\\Amazon_2.0\\functions\\node_modules\\firebase-functions\\lib\\index.js"} {"metadata":{"emulator":{"name":"functions"},"message":"[runtime-status] [956] Resolved module firebase-functions {\"declared\":true,\"installed\":true,\"version\":\"3.11.0\",\"resolution\":\"C:\\\\Users\\\\dhiraj\\\\dj_Projects\\\\React JS\\\\Amazon_2.0\\\\functions\\\\node_modules\\\\firebase-functions\\\\lib\\\\index.js\"}"}}
[debug] [2020-10-28T04:21:57.591Z] [runtime-status] [956] Outgoing network have been stubbed. [{"name":"http","status":"mocked"},{"name":"http","status":"mocked"},{"name":"https","status":"mocked"},{"name":"https","status":"mocked"},{"name":"net","status":"mocked"}] {"metadata":{"emulator":{"name":"functions"},"message":"[runtime-status] [956] Outgoing network have been stubbed. [{\"name\":\"http\",\"status\":\"mocked\"},{\"name\":\"http\",\"status\":\"mocked\"},{\"name\":\"https\",\"status\":\"mocked\"},{\"name\":\"https\",\"status\":\"mocked\"},{\"name\":\"net\",\"status\":\"mocked\"}]"}}
[debug] [2020-10-28T04:21:57.595Z] [runtime-status] [956] Resolved module firebase-functions {"declared":true,"installed":true,"version":"3.11.0","resolution":"C:\\Users\\dhiraj\\dj_Projects\\React JS\\Amazon_2.0\\functions\\node_modules\\firebase-functions\\lib\\index.js"} {"metadata":{"emulator":{"name":"functions"},"message":"[runtime-status] [956] Resolved module firebase-functions {\"declared\":true,\"installed\":true,\"version\":\"3.11.0\",\"resolution\":\"C:\\\\Users\\\\dhiraj\\\\dj_Projects\\\\React JS\\\\Amazon_2.0\\\\functions\\\\node_modules\\\\firebase-functions\\\\lib\\\\index.js\"}"}}
[debug] [2020-10-28T04:21:59.035Z] [runtime-status] [956] Checked functions.config() {"config":{}} {"metadata":{"emulator":{"name":"functions"},"message":"[runtime-status] [956] Checked functions.config() {\"config\":{}}"}}
[debug] [2020-10-28T04:21:59.035Z] [runtime-status] [956] firebase-functions has been stubbed. {"functionsResolution":{"declared":true,"installed":true,"version":"3.11.0","resolution":"C:\\Users\\dhiraj\\dj_Projects\\React JS\\Amazon_2.0\\functions\\node_modules\\firebase-functions\\lib\\index.js"}} {"metadata":{"emulator":{"name":"functions"},"message":"[runtime-status] [956] firebase-functions has been stubbed. {\"functionsResolution\":{\"declared\":true,\"installed\":true,\"version\":\"3.11.0\",\"resolution\":\"C:\\\\Users\\\\dhiraj\\\\dj_Projects\\\\React JS\\\\Amazon_2.0\\\\functions\\\\node_modules\\\\firebase-functions\\\\lib\\\\index.js\"}}"}}
[debug] [2020-10-28T04:21:59.036Z] [runtime-status] [956] Resolved module firebase-functions {"declared":true,"installed":true,"version":"3.11.0","resolution":"C:\\Users\\dhiraj\\dj_Projects\\React JS\\Amazon_2.0\\functions\\node_modules\\firebase-functions\\lib\\index.js"} {"metadata":{"emulator":{"name":"functions"},"message":"[runtime-status] [956] Resolved module firebase-functions {\"declared\":true,\"installed\":true,\"version\":\"3.11.0\",\"resolution\":\"C:\\\\Users\\\\dhiraj\\\\dj_Projects\\\\React JS\\\\Amazon_2.0\\\\functions\\\\node_modules\\\\firebase-functions\\\\lib\\\\index.js\"}"}}
[debug] [2020-10-28T04:21:59.038Z] [runtime-status] [956] Resolved module firebase-admin {"declared":true,"installed":true,"version":"8.13.0","resolution":"C:\\Users\\dhiraj\\dj_Projects\\React JS\\Amazon_2.0\\functions\\node_modules\\firebase-admin\\lib\\index.js"} {"metadata":{"emulator":{"name":"functions"},"message":"[runtime-status] [956] Resolved module firebase-admin {\"declared\":true,\"installed\":true,\"version\":\"8.13.0\",\"resolution\":\"C:\\\\Users\\\\dhiraj\\\\dj_Projects\\\\React JS\\\\Amazon_2.0\\\\functions\\\\node_modules\\\\firebase-admin\\\\lib\\\\index.js\"}"}}
[debug] [2020-10-28T04:21:59.039Z] [runtime-status] [956] Resolved module firebase-functions {"declared":true,"installed":true,"version":"3.11.0","resolution":"C:\\Users\\dhiraj\\dj_Projects\\React JS\\Amazon_2.0\\functions\\node_modules\\firebase-functions\\lib\\index.js"} {"metadata":{"emulator":{"name":"functions"},"message":"[runtime-status] [956] Resolved module firebase-functions {\"declared\":true,\"installed\":true,\"version\":\"3.11.0\",\"resolution\":\"C:\\\\Users\\\\dhiraj\\\\dj_Projects\\\\React JS\\\\Amazon_2.0\\\\functions\\\\node_modules\\\\firebase-functions\\\\lib\\\\index.js\"}"}}
[debug] [2020-10-28T04:21:59.040Z] [runtime-status] [956] firebase-admin has been stubbed. {"adminResolution":{"declared":true,"installed":true,"version":"8.13.0","resolution":"C:\\Users\\dhiraj\\dj_Projects\\React JS\\Amazon_2.0\\functions\\node_modules\\firebase-admin\\lib\\index.js"}} {"metadata":{"emulator":{"name":"functions"},"message":"[runtime-status] [956] firebase-admin has been stubbed. {\"adminResolution\":{\"declared\":true,\"installed\":true,\"version\":\"8.13.0\",\"resolution\":\"C:\\\\Users\\\\dhiraj\\\\dj_Projects\\\\React JS\\\\Amazon_2.0\\\\functions\\\\node_modules\\\\firebase-admin\\\\lib\\\\index.js\"}}"}}
[info] +  functions[api]: http function initialized (http://localhost:5001/dj-amaz-portfoliyo/us-central1/api). {"metadata":{"emulator":{"name":"functions"},"message":"\u001b[1mhttp\u001b[22m function initialized (http://localhost:5001/dj-amaz-portfoliyo/us-central1/api)."}}
[info] 
┌───────────────────────────────────────────────────────────────────────┐
│ ✔  All emulators ready! View status and logs at http://localhost:4000 │
└───────────────────────────────────────────────────────────────────────┘

┌───────────┬────────────────┬─────────────────────────────────┐
│ Emulator  │ Host:Port      │ View in Emulator UI             │
├───────────┼────────────────┼─────────────────────────────────┤
│ Functions │ localhost:5001 │ http://localhost:4000/functions │
├───────────┼────────────────┼─────────────────────────────────┤
│ Hosting   │ localhost:5000 │ n/a                             │
└───────────┴────────────────┴─────────────────────────────────┘
  Other reserved ports: 4400, 4500

Issues? Report them at https://github.com/firebase/firebase-tools/issues and attach the *-debug.log files.
 
[debug] [2020-10-28T04:22:02.696Z] [worker-~diagnostic~-4d66e509-9068-4c2f-b921-3e88d8289ea7]: IDLE {"metadata":{"emulator":{"name":"functions"},"message":"[worker-~diagnostic~-4d66e509-9068-4c2f-b921-3e88d8289ea7]: IDLE"}}
[debug] [2020-10-28T04:23:36.577Z] [work-queue] {"queueLength":1,"workRunningCount":0}
[debug] [2020-10-28T04:23:36.577Z] [work-queue] {"queueLength":0,"workRunningCount":1}
[debug] [2020-10-28T04:23:36.578Z] Accepted request GET /dj-amaz-portfoliyo/us-central1/api --> api
[debug] [2020-10-28T04:23:36.584Z] [worker-pool] addWorker(api) {"metadata":{"emulator":{"name":"functions"},"message":"[worker-pool] addWorker(api)"}}
[debug] [2020-10-28T04:23:36.585Z] [worker-pool] Adding worker with key api, total=1 {"metadata":{"emulator":{"name":"functions"},"message":"[worker-pool] Adding worker with key api, total=1"}}
[debug] [2020-10-28T04:23:36.585Z] [worker-pool] submitWork(triggerId=api) {"metadata":{"emulator":{"name":"functions"},"message":"[worker-pool] submitWork(triggerId=api)"}}
[debug] [2020-10-28T04:23:36.586Z] [worker-api-37e8fc64-09b2-48ff-8104-b38f0a3569ed]: Assigning socketPath: \\?\pipe\C:\Users\dhiraj\dj_Projects\React JS\Amazon_2.0\functions\4852 {"metadata":{"emulator":{"name":"functions"},"message":"[worker-api-37e8fc64-09b2-48ff-8104-b38f0a3569ed]: Assigning socketPath: \\\\?\\pipe\\C:\\Users\\dhiraj\\dj_Projects\\React JS\\Amazon_2.0\\functions\\4852"}}
[debug] [2020-10-28T04:23:36.586Z] [worker-api-37e8fc64-09b2-48ff-8104-b38f0a3569ed]: BUSY {"metadata":{"emulator":{"name":"functions"},"message":"[worker-api-37e8fc64-09b2-48ff-8104-b38f0a3569ed]: BUSY"}}
[debug] [2020-10-28T04:23:37.539Z] [runtime-status] [4852] Functions runtime initialized. {"cwd":"C:\\Users\\dhiraj\\dj_Projects\\React JS\\Amazon_2.0\\functions","node_version":"12.18.3"} {"metadata":{"emulator":{"name":"functions"},"function":{"name":"api"},"message":"[runtime-status] [4852] Functions runtime initialized. {\"cwd\":\"C:\\\\Users\\\\dhiraj\\\\dj_Projects\\\\React JS\\\\Amazon_2.0\\\\functions\",\"node_version\":\"12.18.3\"}"}}
[debug] [2020-10-28T04:23:37.551Z] [runtime-status] [4852] Disabled runtime features: undefined {"metadata":{"emulator":{"name":"functions"},"function":{"name":"api"},"message":"[runtime-status] [4852] Disabled runtime features: undefined"}}
[debug] [2020-10-28T04:23:37.562Z] [runtime-status] [4852] Resolved module firebase-admin {"declared":true,"installed":true,"version":"8.13.0","resolution":"C:\\Users\\dhiraj\\dj_Projects\\React JS\\Amazon_2.0\\functions\\node_modules\\firebase-admin\\lib\\index.js"} {"metadata":{"emulator":{"name":"functions"},"function":{"name":"api"},"message":"[runtime-status] [4852] Resolved module firebase-admin {\"declared\":true,\"installed\":true,\"version\":\"8.13.0\",\"resolution\":\"C:\\\\Users\\\\dhiraj\\\\dj_Projects\\\\React JS\\\\Amazon_2.0\\\\functions\\\\node_modules\\\\firebase-admin\\\\lib\\\\index.js\"}"}}
[debug] [2020-10-28T04:23:37.572Z] [runtime-status] [4852] Resolved module firebase-functions {"declared":true,"installed":true,"version":"3.11.0","resolution":"C:\\Users\\dhiraj\\dj_Projects\\React JS\\Amazon_2.0\\functions\\node_modules\\firebase-functions\\lib\\index.js"} {"metadata":{"emulator":{"name":"functions"},"function":{"name":"api"},"message":"[runtime-status] [4852] Resolved module firebase-functions {\"declared\":true,\"installed\":true,\"version\":\"3.11.0\",\"resolution\":\"C:\\\\Users\\\\dhiraj\\\\dj_Projects\\\\React JS\\\\Amazon_2.0\\\\functions\\\\node_modules\\\\firebase-functions\\\\lib\\\\index.js\"}"}}
[debug] [2020-10-28T04:23:37.574Z] [runtime-status] [4852] Resolved module firebase-functions {"declared":true,"installed":true,"version":"3.11.0","resolution":"C:\\Users\\dhiraj\\dj_Projects\\React JS\\Amazon_2.0\\functions\\node_modules\\firebase-functions\\lib\\index.js"} {"metadata":{"emulator":{"name":"functions"},"function":{"name":"api"},"message":"[runtime-status] [4852] Resolved module firebase-functions {\"declared\":true,\"installed\":true,\"version\":\"3.11.0\",\"resolution\":\"C:\\\\Users\\\\dhiraj\\\\dj_Projects\\\\React JS\\\\Amazon_2.0\\\\functions\\\\node_modules\\\\firebase-functions\\\\lib\\\\index.js\"}"}}
[debug] [2020-10-28T04:23:37.579Z] [runtime-status] [4852] Outgoing network have been stubbed. [{"name":"http","status":"mocked"},{"name":"http","status":"mocked"},{"name":"https","status":"mocked"},{"name":"https","status":"mocked"},{"name":"net","status":"mocked"}] {"metadata":{"emulator":{"name":"functions"},"function":{"name":"api"},"message":"[runtime-status] [4852] Outgoing network have been stubbed. [{\"name\":\"http\",\"status\":\"mocked\"},{\"name\":\"http\",\"status\":\"mocked\"},{\"name\":\"https\",\"status\":\"mocked\"},{\"name\":\"https\",\"status\":\"mocked\"},{\"name\":\"net\",\"status\":\"mocked\"}]"}}
[debug] [2020-10-28T04:23:37.580Z] [runtime-status] [4852] Resolved module firebase-functions {"declared":true,"installed":true,"version":"3.11.0","resolution":"C:\\Users\\dhiraj\\dj_Projects\\React JS\\Amazon_2.0\\functions\\node_modules\\firebase-functions\\lib\\index.js"} {"metadata":{"emulator":{"name":"functions"},"function":{"name":"api"},"message":"[runtime-status] [4852] Resolved module firebase-functions {\"declared\":true,\"installed\":true,\"version\":\"3.11.0\",\"resolution\":\"C:\\\\Users\\\\dhiraj\\\\dj_Projects\\\\React JS\\\\Amazon_2.0\\\\functions\\\\node_modules\\\\firebase-functions\\\\lib\\\\index.js\"}"}}
[debug] [2020-10-28T04:23:37.685Z] [runtime-status] [4852] Checked functions.config() {"config":{}} {"metadata":{"emulator":{"name":"functions"},"function":{"name":"api"},"message":"[runtime-status] [4852] Checked functions.config() {\"config\":{}}"}}
[debug] [2020-10-28T04:23:37.686Z] [runtime-status] [4852] firebase-functions has been stubbed. {"functionsResolution":{"declared":true,"installed":true,"version":"3.11.0","resolution":"C:\\Users\\dhiraj\\dj_Projects\\React JS\\Amazon_2.0\\functions\\node_modules\\firebase-functions\\lib\\index.js"}} {"metadata":{"emulator":{"name":"functions"},"function":{"name":"api"},"message":"[runtime-status] [4852] firebase-functions has been stubbed. {\"functionsResolution\":{\"declared\":true,\"installed\":true,\"version\":\"3.11.0\",\"resolution\":\"C:\\\\Users\\\\dhiraj\\\\dj_Projects\\\\React JS\\\\Amazon_2.0\\\\functions\\\\node_modules\\\\firebase-functions\\\\lib\\\\index.js\"}}"}}
[debug] [2020-10-28T04:23:37.687Z] [runtime-status] [4852] Resolved module firebase-functions {"declared":true,"installed":true,"version":"3.11.0","resolution":"C:\\Users\\dhiraj\\dj_Projects\\React JS\\Amazon_2.0\\functions\\node_modules\\firebase-functions\\lib\\index.js"} {"metadata":{"emulator":{"name":"functions"},"function":{"name":"api"},"message":"[runtime-status] [4852] Resolved module firebase-functions {\"declared\":true,\"installed\":true,\"version\":\"3.11.0\",\"resolution\":\"C:\\\\Users\\\\dhiraj\\\\dj_Projects\\\\React JS\\\\Amazon_2.0\\\\functions\\\\node_modules\\\\firebase-functions\\\\lib\\\\index.js\"}"}}
[debug] [2020-10-28T04:23:37.690Z] [runtime-status] [4852] Resolved module firebase-admin {"declared":true,"installed":true,"version":"8.13.0","resolution":"C:\\Users\\dhiraj\\dj_Projects\\React JS\\Amazon_2.0\\functions\\node_modules\\firebase-admin\\lib\\index.js"} {"metadata":{"emulator":{"name":"functions"},"function":{"name":"api"},"message":"[runtime-status] [4852] Resolved module firebase-admin {\"declared\":true,\"installed\":true,\"version\":\"8.13.0\",\"resolution\":\"C:\\\\Users\\\\dhiraj\\\\dj_Projects\\\\React JS\\\\Amazon_2.0\\\\functions\\\\node_modules\\\\firebase-admin\\\\lib\\\\index.js\"}"}}
[debug] [2020-10-28T04:23:37.691Z] [runtime-status] [4852] Resolved module firebase-functions {"declared":true,"installed":true,"version":"3.11.0","resolution":"C:\\Users\\dhiraj\\dj_Projects\\React JS\\Amazon_2.0\\functions\\node_modules\\firebase-functions\\lib\\index.js"} {"metadata":{"emulator":{"name":"functions"},"function":{"name":"api"},"message":"[runtime-status] [4852] Resolved module firebase-functions {\"declared\":true,\"installed\":true,\"version\":\"3.11.0\",\"resolution\":\"C:\\\\Users\\\\dhiraj\\\\dj_Projects\\\\React JS\\\\Amazon_2.0\\\\functions\\\\node_modules\\\\firebase-functions\\\\lib\\\\index.js\"}"}}
[debug] [2020-10-28T04:23:37.692Z] [runtime-status] [4852] firebase-admin has been stubbed. {"adminResolution":{"declared":true,"installed":true,"version":"8.13.0","resolution":"C:\\Users\\dhiraj\\dj_Projects\\React JS\\Amazon_2.0\\functions\\node_modules\\firebase-admin\\lib\\index.js"}} {"metadata":{"emulator":{"name":"functions"},"function":{"name":"api"},"message":"[runtime-status] [4852] firebase-admin has been stubbed. {\"adminResolution\":{\"declared\":true,\"installed\":true,\"version\":\"8.13.0\",\"resolution\":\"C:\\\\Users\\\\dhiraj\\\\dj_Projects\\\\React JS\\\\Amazon_2.0\\\\functions\\\\node_modules\\\\firebase-admin\\\\lib\\\\index.js\"}}"}}
[debug] [2020-10-28T04:23:38.041Z] [runtime-status] [4852] Trigger "api" has been found, beginning invocation! {"metadata":{"emulator":{"name":"functions"},"function":{"name":"api"},"message":"[runtime-status] [4852] Trigger \"api\" has been found, beginning invocation!"}}
[info] i  functions: Beginning execution of "api" {"metadata":{"emulator":{"name":"functions"},"function":{"name":"api"},"message":"Beginning execution of \"api\""}}
[debug] [2020-10-28T04:23:38.044Z] [runtime-status] [4852] triggerDefinition {"httpsTrigger":{},"name":"api","entryPoint":"api"} {"metadata":{"emulator":{"name":"functions"},"function":{"name":"api"},"message":"[runtime-status] [4852] triggerDefinition {\"httpsTrigger\":{},\"name\":\"api\",\"entryPoint\":\"api\"}"}}
[debug] [2020-10-28T04:23:38.044Z] [runtime-status] [4852] Running api in mode HTTPS {"metadata":{"emulator":{"name":"functions"},"function":{"name":"api"},"message":"[runtime-status] [4852] Running api in mode HTTPS"}}
[debug] [2020-10-28T04:23:38.053Z] [runtime-status] [4852] Attempting to listen to socketPath: \\?\pipe\C:\Users\dhiraj\dj_Projects\React JS\Amazon_2.0\functions\4852 {"metadata":{"emulator":{"name":"functions"},"function":{"name":"api"},"message":"[runtime-status] [4852] Attempting to listen to socketPath: \\\\?\\pipe\\C:\\Users\\dhiraj\\dj_Projects\\React JS\\Amazon_2.0\\functions\\4852"}}
[debug] [2020-10-28T04:23:38.062Z] [functions] Runtime ready! Sending request! {"metadata":{"emulator":{"name":"functions"},"message":"[functions] Runtime ready! Sending request!"}}
[debug] [2020-10-28T04:23:38.083Z] [runtime-status] [4852] Ephemeral server handling GET request {"metadata":{"emulator":{"name":"functions"},"function":{"name":"api"},"message":"[runtime-status] [4852] Ephemeral server handling GET request"}}
[debug] [2020-10-28T04:23:38.106Z] [runtime-status] [4852] Ephemeral server survived. {"metadata":{"emulator":{"name":"functions"},"function":{"name":"api"},"message":"[runtime-status] [4852] Ephemeral server survived."}}
[info] i  functions: Finished "api" in ~1s {"metadata":{"emulator":{"name":"functions"},"function":{"name":"api"},"message":"Finished \"api\" in ~1s"}}
[debug] [2020-10-28T04:23:38.115Z] [worker-api-37e8fc64-09b2-48ff-8104-b38f0a3569ed]: IDLE {"metadata":{"emulator":{"name":"functions"},"message":"[worker-api-37e8fc64-09b2-48ff-8104-b38f0a3569ed]: IDLE"}}
[debug] [2020-10-28T04:23:38.116Z] [work-queue] {"queueLength":0,"workRunningCount":0}
[debug] [2020-10-28T04:23:38.330Z] Functions emulator received unknown request at path /favicon.ico
[debug] [2020-10-28T04:25:29.302Z] [work-queue] {"queueLength":1,"workRunningCount":0}
[debug] [2020-10-28T04:25:29.302Z] [work-queue] {"queueLength":0,"workRunningCount":1}
[debug] [2020-10-28T04:25:29.302Z] Accepted request POST /dj-amaz-portfoliyo/us-central1/api/payments/create?total=0 --> api
[debug] [2020-10-28T04:25:29.303Z] [worker-pool] submitWork(triggerId=api) {"metadata":{"emulator":{"name":"functions"},"message":"[worker-pool] submitWork(triggerId=api)"}}
[debug] [2020-10-28T04:25:29.303Z] [worker-api-37e8fc64-09b2-48ff-8104-b38f0a3569ed]: Assigning socketPath: \\?\pipe\C:\Users\dhiraj\dj_Projects\React JS\Amazon_2.0\functions\4852 {"metadata":{"emulator":{"name":"functions"},"message":"[worker-api-37e8fc64-09b2-48ff-8104-b38f0a3569ed]: Assigning socketPath: \\\\?\\pipe\\C:\\Users\\dhiraj\\dj_Projects\\React JS\\Amazon_2.0\\functions\\4852"}}
[debug] [2020-10-28T04:25:29.303Z] [worker-api-37e8fc64-09b2-48ff-8104-b38f0a3569ed]: BUSY {"metadata":{"emulator":{"name":"functions"},"message":"[worker-api-37e8fc64-09b2-48ff-8104-b38f0a3569ed]: BUSY"}}
[debug] [2020-10-28T04:25:29.305Z] [runtime-status] [4852] Trigger "api" has been found, beginning invocation! {"metadata":{"emulator":{"name":"functions"},"function":{"name":"api"},"message":"[runtime-status] [4852] Trigger \"api\" has been found, beginning invocation!"}}
[info] i  functions: Beginning execution of "api" {"metadata":{"emulator":{"name":"functions"},"function":{"name":"api"},"message":"Beginning execution of \"api\""}}
[debug] [2020-10-28T04:25:29.307Z] [runtime-status] [4852] triggerDefinition {"httpsTrigger":{},"name":"api","entryPoint":"api"} {"metadata":{"emulator":{"name":"functions"},"function":{"name":"api"},"message":"[runtime-status] [4852] triggerDefinition {\"httpsTrigger\":{},\"name\":\"api\",\"entryPoint\":\"api\"}"}}
[debug] [2020-10-28T04:25:29.307Z] [runtime-status] [4852] Running api in mode HTTPS {"metadata":{"emulator":{"name":"functions"},"function":{"name":"api"},"message":"[runtime-status] [4852] Running api in mode HTTPS"}}
[debug] [2020-10-28T04:25:29.308Z] [runtime-status] [4852] Attempting to listen to socketPath: \\?\pipe\C:\Users\dhiraj\dj_Projects\React JS\Amazon_2.0\functions\4852 {"metadata":{"emulator":{"name":"functions"},"function":{"name":"api"},"message":"[runtime-status] [4852] Attempting to listen to socketPath: \\\\?\\pipe\\C:\\Users\\dhiraj\\dj_Projects\\React JS\\Amazon_2.0\\functions\\4852"}}
[debug] [2020-10-28T04:25:29.309Z] [functions] Runtime ready! Sending request! {"metadata":{"emulator":{"name":"functions"},"message":"[functions] Runtime ready! Sending request!"}}
[debug] [2020-10-28T04:25:29.329Z] [runtime-status] [4852] Ephemeral server handling POST request {"metadata":{"emulator":{"name":"functions"},"function":{"name":"api"},"message":"[runtime-status] [4852] Ephemeral server handling POST request"}}
[info] >  Payment Request Recieved BOOM!!! for this amount >>>  0 {"user":"Payment Request Recieved BOOM!!! for this amount >>>  0","metadata":{"emulator":{"name":"functions"},"function":{"name":"api"},"message":"\u001b[90m> \u001b[39m Payment Request Recieved BOOM!!! for this amount >>>  0"}}
[debug] [2020-10-28T04:25:29.355Z] [runtime-status] [4852] Ephemeral server survived. {"metadata":{"emulator":{"name":"functions"},"function":{"name":"api"},"message":"[runtime-status] [4852] Ephemeral server survived."}}
[info] >  (node:4852) UnhandledPromiseRejectionWarning: Error: This value must be greater than or equal to 1. {"user":"(node:4852) UnhandledPromiseRejectionWarning: Error: This value must be greater than or equal to 1.","metadata":{"emulator":{"name":"functions"},"function":{"name":"api"},"message":"\u001b[90m> \u001b[39m (node:4852) UnhandledPromiseRejectionWarning: Error: This value must be greater than or equal to 1."}}
[info] >      at Function.generate (C:\Users\dhiraj\dj_Projects\React JS\Amazon_2.0\functions\node_modules\stripe\lib\Error.js:39:16) {"user":"    at Function.generate (C:\\Users\\dhiraj\\dj_Projects\\React JS\\Amazon_2.0\\functions\\node_modules\\stripe\\lib\\Error.js:39:16)","metadata":{"emulator":{"name":"functions"},"function":{"name":"api"},"message":"\u001b[90m> \u001b[39m     at Function.generate (C:\\Users\\dhiraj\\dj_Projects\\React JS\\Amazon_2.0\\functions\\node_modules\\stripe\\lib\\Error.js:39:16)"}}
[info] >      at IncomingMessage.<anonymous> (C:\Users\dhiraj\dj_Projects\React JS\Amazon_2.0\functions\node_modules\stripe\lib\StripeResource.js:190:33) {"user":"    at IncomingMessage.<anonymous> (C:\\Users\\dhiraj\\dj_Projects\\React JS\\Amazon_2.0\\functions\\node_modules\\stripe\\lib\\StripeResource.js:190:33)","metadata":{"emulator":{"name":"functions"},"function":{"name":"api"},"message":"\u001b[90m> \u001b[39m     at IncomingMessage.<anonymous> (C:\\Users\\dhiraj\\dj_Projects\\React JS\\Amazon_2.0\\functions\\node_modules\\stripe\\lib\\StripeResource.js:190:33)"}}
[info] >      at Object.onceWrapper (events.js:421:28) {"user":"    at Object.onceWrapper (events.js:421:28)","metadata":{"emulator":{"name":"functions"},"function":{"name":"api"},"message":"\u001b[90m> \u001b[39m     at Object.onceWrapper (events.js:421:28)"}}
[info] >      at IncomingMessage.emit (events.js:327:22) {"user":"    at IncomingMessage.emit (events.js:327:22)","metadata":{"emulator":{"name":"functions"},"function":{"name":"api"},"message":"\u001b[90m> \u001b[39m     at IncomingMessage.emit (events.js:327:22)"}}
[info] >      at endReadableNT (_stream_readable.js:1220:12) {"user":"    at endReadableNT (_stream_readable.js:1220:12)","metadata":{"emulator":{"name":"functions"},"function":{"name":"api"},"message":"\u001b[90m> \u001b[39m     at endReadableNT (_stream_readable.js:1220:12)"}}
[info] >      at processTicksAndRejections (internal/process/task_queues.js:84:21) {"user":"    at processTicksAndRejections (internal/process/task_queues.js:84:21)","metadata":{"emulator":{"name":"functions"},"function":{"name":"api"},"message":"\u001b[90m> \u001b[39m     at processTicksAndRejections (internal/process/task_queues.js:84:21)"}}
[info] >  (node:4852) UnhandledPromiseRejectionWarning: Unhandled promise rejection. This error originated either by throwing inside of an async function without a catch block, or by rejecting a promise which was not handled with .catch(). To terminate the node process on unhandled promise rejection, use the CLI flag `--unhandled-rejections=strict` (see https://nodejs.org/api/cli.html#cli_unhandled_rejections_mode). (rejection id: 1) {"user":"(node:4852) UnhandledPromiseRejectionWarning: Unhandled promise rejection. This error originated either by throwing inside of an async function without a catch block, or by rejecting a promise which was not handled with .catch(). To terminate the node process on unhandled promise rejection, use the CLI flag `--unhandled-rejections=strict` (see https://nodejs.org/api/cli.html#cli_unhandled_rejections_mode). (rejection id: 1)","metadata":{"emulator":{"name":"functions"},"function":{"name":"api"},"message":"\u001b[90m> \u001b[39m (node:4852) UnhandledPromiseRejectionWarning: Unhandled promise rejection. This error originated either by throwing inside of an async function without a catch block, or by rejecting a promise which was not handled with .catch(). To terminate the node process on unhandled promise rejection, use the CLI flag `--unhandled-rejections=strict` (see https://nodejs.org/api/cli.html#cli_unhandled_rejections_mode). (rejection id: 1)"}}
[info] >  (node:4852) [DEP0018] DeprecationWarning: Unhandled promise rejections are deprecated. In the future, promise rejections that are not handled will terminate the Node.js process with a non-zero exit code. {"user":"(node:4852) [DEP0018] DeprecationWarning: Unhandled promise rejections are deprecated. In the future, promise rejections that are not handled will terminate the Node.js process with a non-zero exit code.","metadata":{"emulator":{"name":"functions"},"function":{"name":"api"},"message":"\u001b[90m> \u001b[39m (node:4852) [DEP0018] DeprecationWarning: Unhandled promise rejections are deprecated. In the future, promise rejections that are not handled will terminate the Node.js process with a non-zero exit code."}}
[warn] !  functions: Your function timed out after ~60s. To configure this timeout, see
      https://firebase.google.com/docs/functions/manage-functions#set_timeout_and_memory_allocation. {"metadata":{"emulator":{"name":"functions"},"function":{"name":"api"},"message":"Your function timed out after ~60s. To configure this timeout, see\n      https://firebase.google.com/docs/functions/manage-functions#set_timeout_and_memory_allocation."}}
[info] >  C:\Users\dhiraj\AppData\Roaming\npm\node_modules\firebase-tools\lib\emulator\functionsEmulatorRuntime.js:642 {"user":"C:\\Users\\dhiraj\\AppData\\Roaming\\npm\\node_modules\\firebase-tools\\lib\\emulator\\functionsEmulatorRuntime.js:642\r","metadata":{"emulator":{"name":"functions"},"function":{"name":"api"},"message":"\u001b[90m> \u001b[39m C:\\Users\\dhiraj\\AppData\\Roaming\\npm\\node_modules\\firebase-tools\\lib\\emulator\\functionsEmulatorRuntime.js:642\r"}}
[info] >                  throw new Error("Function timed out."); {"user":"                throw new Error(\"Function timed out.\");\r","metadata":{"emulator":{"name":"functions"},"function":{"name":"api"},"message":"\u001b[90m> \u001b[39m                 throw new Error(\"Function timed out.\");\r"}}
[info] >                  ^ {"user":"                ^\r","metadata":{"emulator":{"name":"functions"},"function":{"name":"api"},"message":"\u001b[90m> \u001b[39m                 ^\r"}}
[info] >   {"user":"\r","metadata":{"emulator":{"name":"functions"},"function":{"name":"api"},"message":"\u001b[90m> \u001b[39m \r"}}
[info] >  Error: Function timed out. {"user":"Error: Function timed out.\r","metadata":{"emulator":{"name":"functions"},"function":{"name":"api"},"message":"\u001b[90m> \u001b[39m Error: Function timed out.\r"}}
[info] >      at Timeout._onTimeout (C:\Users\dhiraj\AppData\Roaming\npm\node_modules\firebase-tools\lib\emulator\functionsEmulatorRuntime.js:642:23) {"user":"    at Timeout._onTimeout (C:\\Users\\dhiraj\\AppData\\Roaming\\npm\\node_modules\\firebase-tools\\lib\\emulator\\functionsEmulatorRuntime.js:642:23)\r","metadata":{"emulator":{"name":"functions"},"function":{"name":"api"},"message":"\u001b[90m> \u001b[39m     at Timeout._onTimeout (C:\\Users\\dhiraj\\AppData\\Roaming\\npm\\node_modules\\firebase-tools\\lib\\emulator\\functionsEmulatorRuntime.js:642:23)\r"}}
[info] >      at listOnTimeout (internal/timers.js:549:17) {"user":"    at listOnTimeout (internal/timers.js:549:17)\r","metadata":{"emulator":{"name":"functions"},"function":{"name":"api"},"message":"\u001b[90m> \u001b[39m     at listOnTimeout (internal/timers.js:549:17)\r"}}
[info] >      at processTimers (internal/timers.js:492:7) {"user":"    at processTimers (internal/timers.js:492:7)\r","metadata":{"emulator":{"name":"functions"},"function":{"name":"api"},"message":"\u001b[90m> \u001b[39m     at processTimers (internal/timers.js:492:7)\r"}}
[debug] [2020-10-28T04:26:29.533Z] [worker-api-37e8fc64-09b2-48ff-8104-b38f0a3569ed]: exited {"metadata":{"emulator":{"name":"functions"},"message":"[worker-api-37e8fc64-09b2-48ff-8104-b38f0a3569ed]: exited"}}
[debug] [2020-10-28T04:26:29.534Z] [worker-api-37e8fc64-09b2-48ff-8104-b38f0a3569ed]: FINISHED {"metadata":{"emulator":{"name":"functions"},"message":"[worker-api-37e8fc64-09b2-48ff-8104-b38f0a3569ed]: FINISHED"}}
[debug] [2020-10-28T04:26:29.534Z] [work-queue] {"queueLength":0,"workRunningCount":0}
[debug] [2020-10-28T04:46:13.452Z] [work-queue] {"queueLength":1,"workRunningCount":0}
[debug] [2020-10-28T04:46:13.453Z] [work-queue] {"queueLength":0,"workRunningCount":1}
[debug] [2020-10-28T04:46:13.453Z] Accepted request POST /dj-amaz-portfoliyo/us-central1/api/payments/create?total=167300 --> api
[debug] [2020-10-28T04:46:13.453Z] [worker-pool] Cleaned up workers for api: 1 --> 0 {"metadata":{"emulator":{"name":"functions"},"message":"[worker-pool] Cleaned up workers for api: 1 --> 0"}}
[debug] [2020-10-28T04:46:13.514Z] [worker-pool] addWorker(api) {"metadata":{"emulator":{"name":"functions"},"message":"[worker-pool] addWorker(api)"}}
[debug] [2020-10-28T04:46:13.514Z] [worker-pool] Adding worker with key api, total=1 {"metadata":{"emulator":{"name":"functions"},"message":"[worker-pool] Adding worker with key api, total=1"}}
[debug] [2020-10-28T04:46:13.514Z] [worker-pool] submitWork(triggerId=api) {"metadata":{"emulator":{"name":"functions"},"message":"[worker-pool] submitWork(triggerId=api)"}}
[debug] [2020-10-28T04:46:13.514Z] [worker-api-ea14152b-1c81-48ee-a288-afde4f5ad4fd]: Assigning socketPath: \\?\pipe\C:\Users\dhiraj\dj_Projects\React JS\Amazon_2.0\functions\5876 {"metadata":{"emulator":{"name":"functions"},"message":"[worker-api-ea14152b-1c81-48ee-a288-afde4f5ad4fd]: Assigning socketPath: \\\\?\\pipe\\C:\\Users\\dhiraj\\dj_Projects\\React JS\\Amazon_2.0\\functions\\5876"}}
[debug] [2020-10-28T04:46:13.515Z] [worker-api-ea14152b-1c81-48ee-a288-afde4f5ad4fd]: BUSY {"metadata":{"emulator":{"name":"functions"},"message":"[worker-api-ea14152b-1c81-48ee-a288-afde4f5ad4fd]: BUSY"}}
[debug] [2020-10-28T04:46:31.376Z] [runtime-status] [5876] Functions runtime initialized. {"cwd":"C:\\Users\\dhiraj\\dj_Projects\\React JS\\Amazon_2.0\\functions","node_version":"12.18.3"} {"metadata":{"emulator":{"name":"functions"},"function":{"name":"api"},"message":"[runtime-status] [5876] Functions runtime initialized. {\"cwd\":\"C:\\\\Users\\\\dhiraj\\\\dj_Projects\\\\React JS\\\\Amazon_2.0\\\\functions\",\"node_version\":\"12.18.3\"}"}}
[debug] [2020-10-28T04:46:31.379Z] [runtime-status] [5876] Disabled runtime features: undefined {"metadata":{"emulator":{"name":"functions"},"function":{"name":"api"},"message":"[runtime-status] [5876] Disabled runtime features: undefined"}}
[debug] [2020-10-28T04:46:31.684Z] [runtime-status] [5876] Resolved module firebase-admin {"declared":true,"installed":true,"version":"8.13.0","resolution":"C:\\Users\\dhiraj\\dj_Projects\\React JS\\Amazon_2.0\\functions\\node_modules\\firebase-admin\\lib\\index.js"} {"metadata":{"emulator":{"name":"functions"},"function":{"name":"api"},"message":"[runtime-status] [5876] Resolved module firebase-admin {\"declared\":true,\"installed\":true,\"version\":\"8.13.0\",\"resolution\":\"C:\\\\Users\\\\dhiraj\\\\dj_Projects\\\\React JS\\\\Amazon_2.0\\\\functions\\\\node_modules\\\\firebase-admin\\\\lib\\\\index.js\"}"}}
[debug] [2020-10-28T04:46:31.730Z] [runtime-status] [5876] Resolved module firebase-functions {"declared":true,"installed":true,"version":"3.11.0","resolution":"C:\\Users\\dhiraj\\dj_Projects\\React JS\\Amazon_2.0\\functions\\node_modules\\firebase-functions\\lib\\index.js"} {"metadata":{"emulator":{"name":"functions"},"function":{"name":"api"},"message":"[runtime-status] [5876] Resolved module firebase-functions {\"declared\":true,\"installed\":true,\"version\":\"3.11.0\",\"resolution\":\"C:\\\\Users\\\\dhiraj\\\\dj_Projects\\\\React JS\\\\Amazon_2.0\\\\functions\\\\node_modules\\\\firebase-functions\\\\lib\\\\index.js\"}"}}
[debug] [2020-10-28T04:46:31.733Z] [runtime-status] [5876] Resolved module firebase-functions {"declared":true,"installed":true,"version":"3.11.0","resolution":"C:\\Users\\dhiraj\\dj_Projects\\React JS\\Amazon_2.0\\functions\\node_modules\\firebase-functions\\lib\\index.js"} {"metadata":{"emulator":{"name":"functions"},"function":{"name":"api"},"message":"[runtime-status] [5876] Resolved module firebase-functions {\"declared\":true,\"installed\":true,\"version\":\"3.11.0\",\"resolution\":\"C:\\\\Users\\\\dhiraj\\\\dj_Projects\\\\React JS\\\\Amazon_2.0\\\\functions\\\\node_modules\\\\firebase-functions\\\\lib\\\\index.js\"}"}}
[debug] [2020-10-28T04:46:31.740Z] [runtime-status] [5876] Outgoing network have been stubbed. [{"name":"http","status":"mocked"},{"name":"http","status":"mocked"},{"name":"https","status":"mocked"},{"name":"https","status":"mocked"},{"name":"net","status":"mocked"}] {"metadata":{"emulator":{"name":"functions"},"function":{"name":"api"},"message":"[runtime-status] [5876] Outgoing network have been stubbed. [{\"name\":\"http\",\"status\":\"mocked\"},{\"name\":\"http\",\"status\":\"mocked\"},{\"name\":\"https\",\"status\":\"mocked\"},{\"name\":\"https\",\"status\":\"mocked\"},{\"name\":\"net\",\"status\":\"mocked\"}]"}}
[debug] [2020-10-28T04:46:31.742Z] [runtime-status] [5876] Resolved module firebase-functions {"declared":true,"installed":true,"version":"3.11.0","resolution":"C:\\Users\\dhiraj\\dj_Projects\\React JS\\Amazon_2.0\\functions\\node_modules\\firebase-functions\\lib\\index.js"} {"metadata":{"emulator":{"name":"functions"},"function":{"name":"api"},"message":"[runtime-status] [5876] Resolved module firebase-functions {\"declared\":true,\"installed\":true,\"version\":\"3.11.0\",\"resolution\":\"C:\\\\Users\\\\dhiraj\\\\dj_Projects\\\\React JS\\\\Amazon_2.0\\\\functions\\\\node_modules\\\\firebase-functions\\\\lib\\\\index.js\"}"}}
[debug] [2020-10-28T04:46:33.290Z] [runtime-status] [5876] Checked functions.config() {"config":{}} {"metadata":{"emulator":{"name":"functions"},"function":{"name":"api"},"message":"[runtime-status] [5876] Checked functions.config() {\"config\":{}}"}}
[debug] [2020-10-28T04:46:33.291Z] [runtime-status] [5876] firebase-functions has been stubbed. {"functionsResolution":{"declared":true,"installed":true,"version":"3.11.0","resolution":"C:\\Users\\dhiraj\\dj_Projects\\React JS\\Amazon_2.0\\functions\\node_modules\\firebase-functions\\lib\\index.js"}} {"metadata":{"emulator":{"name":"functions"},"function":{"name":"api"},"message":"[runtime-status] [5876] firebase-functions has been stubbed. {\"functionsResolution\":{\"declared\":true,\"installed\":true,\"version\":\"3.11.0\",\"resolution\":\"C:\\\\Users\\\\dhiraj\\\\dj_Projects\\\\React JS\\\\Amazon_2.0\\\\functions\\\\node_modules\\\\firebase-functions\\\\lib\\\\index.js\"}}"}}
[debug] [2020-10-28T04:46:33.293Z] [runtime-status] [5876] Resolved module firebase-functions {"declared":true,"installed":true,"version":"3.11.0","resolution":"C:\\Users\\dhiraj\\dj_Projects\\React JS\\Amazon_2.0\\functions\\node_modules\\firebase-functions\\lib\\index.js"} {"metadata":{"emulator":{"name":"functions"},"function":{"name":"api"},"message":"[runtime-status] [5876] Resolved module firebase-functions {\"declared\":true,\"installed\":true,\"version\":\"3.11.0\",\"resolution\":\"C:\\\\Users\\\\dhiraj\\\\dj_Projects\\\\React JS\\\\Amazon_2.0\\\\functions\\\\node_modules\\\\firebase-functions\\\\lib\\\\index.js\"}"}}
[debug] [2020-10-28T04:46:33.297Z] [runtime-status] [5876] Resolved module firebase-admin {"declared":true,"installed":true,"version":"8.13.0","resolution":"C:\\Users\\dhiraj\\dj_Projects\\React JS\\Amazon_2.0\\functions\\node_modules\\firebase-admin\\lib\\index.js"} {"metadata":{"emulator":{"name":"functions"},"function":{"name":"api"},"message":"[runtime-status] [5876] Resolved module firebase-admin {\"declared\":true,\"installed\":true,\"version\":\"8.13.0\",\"resolution\":\"C:\\\\Users\\\\dhiraj\\\\dj_Projects\\\\React JS\\\\Amazon_2.0\\\\functions\\\\node_modules\\\\firebase-admin\\\\lib\\\\index.js\"}"}}
[debug] [2020-10-28T04:46:33.299Z] [runtime-status] [5876] Resolved module firebase-functions {"declared":true,"installed":true,"version":"3.11.0","resolution":"C:\\Users\\dhiraj\\dj_Projects\\React JS\\Amazon_2.0\\functions\\node_modules\\firebase-functions\\lib\\index.js"} {"metadata":{"emulator":{"name":"functions"},"function":{"name":"api"},"message":"[runtime-status] [5876] Resolved module firebase-functions {\"declared\":true,\"installed\":true,\"version\":\"3.11.0\",\"resolution\":\"C:\\\\Users\\\\dhiraj\\\\dj_Projects\\\\React JS\\\\Amazon_2.0\\\\functions\\\\node_modules\\\\firebase-functions\\\\lib\\\\index.js\"}"}}
[debug] [2020-10-28T04:46:33.300Z] [runtime-status] [5876] firebase-admin has been stubbed. {"adminResolution":{"declared":true,"installed":true,"version":"8.13.0","resolution":"C:\\Users\\dhiraj\\dj_Projects\\React JS\\Amazon_2.0\\functions\\node_modules\\firebase-admin\\lib\\index.js"}} {"metadata":{"emulator":{"name":"functions"},"function":{"name":"api"},"message":"[runtime-status] [5876] firebase-admin has been stubbed. {\"adminResolution\":{\"declared\":true,\"installed\":true,\"version\":\"8.13.0\",\"resolution\":\"C:\\\\Users\\\\dhiraj\\\\dj_Projects\\\\React JS\\\\Amazon_2.0\\\\functions\\\\node_modules\\\\firebase-admin\\\\lib\\\\index.js\"}}"}}
[debug] [2020-10-28T04:46:37.464Z] [runtime-status] [5876] Trigger "api" has been found, beginning invocation! {"metadata":{"emulator":{"name":"functions"},"function":{"name":"api"},"message":"[runtime-status] [5876] Trigger \"api\" has been found, beginning invocation!"}}
[info] i  functions: Beginning execution of "api" {"metadata":{"emulator":{"name":"functions"},"function":{"name":"api"},"message":"Beginning execution of \"api\""}}
[debug] [2020-10-28T04:46:37.466Z] [runtime-status] [5876] triggerDefinition {"httpsTrigger":{},"name":"api","entryPoint":"api"} {"metadata":{"emulator":{"name":"functions"},"function":{"name":"api"},"message":"[runtime-status] [5876] triggerDefinition {\"httpsTrigger\":{},\"name\":\"api\",\"entryPoint\":\"api\"}"}}
[debug] [2020-10-28T04:46:37.467Z] [runtime-status] [5876] Running api in mode HTTPS {"metadata":{"emulator":{"name":"functions"},"function":{"name":"api"},"message":"[runtime-status] [5876] Running api in mode HTTPS"}}
[debug] [2020-10-28T04:46:37.478Z] [runtime-status] [5876] Attempting to listen to socketPath: \\?\pipe\C:\Users\dhiraj\dj_Projects\React JS\Amazon_2.0\functions\5876 {"metadata":{"emulator":{"name":"functions"},"function":{"name":"api"},"message":"[runtime-status] [5876] Attempting to listen to socketPath: \\\\?\\pipe\\C:\\Users\\dhiraj\\dj_Projects\\React JS\\Amazon_2.0\\functions\\5876"}}
[debug] [2020-10-28T04:46:37.528Z] [functions] Runtime ready! Sending request! {"metadata":{"emulator":{"name":"functions"},"message":"[functions] Runtime ready! Sending request!"}}
[debug] [2020-10-28T04:46:37.547Z] [runtime-status] [5876] Ephemeral server handling POST request {"metadata":{"emulator":{"name":"functions"},"function":{"name":"api"},"message":"[runtime-status] [5876] Ephemeral server handling POST request"}}
[info] >  Payment Request Recieved BOOM!!! for this amount >>>  167300 {"user":"Payment Request Recieved BOOM!!! for this amount >>>  167300","metadata":{"emulator":{"name":"functions"},"function":{"name":"api"},"message":"\u001b[90m> \u001b[39m Payment Request Recieved BOOM!!! for this amount >>>  167300"}}
[debug] [2020-10-28T04:46:37.579Z] [runtime-status] [5876] Ephemeral server survived. {"metadata":{"emulator":{"name":"functions"},"function":{"name":"api"},"message":"[runtime-status] [5876] Ephemeral server survived."}}
[info] i  functions: Finished "api" in ~1s {"metadata":{"emulator":{"name":"functions"},"function":{"name":"api"},"message":"Finished \"api\" in ~1s"}}
[debug] [2020-10-28T04:46:39.020Z] [worker-api-ea14152b-1c81-48ee-a288-afde4f5ad4fd]: IDLE {"metadata":{"emulator":{"name":"functions"},"message":"[worker-api-ea14152b-1c81-48ee-a288-afde4f5ad4fd]: IDLE"}}
[debug] [2020-10-28T04:46:39.021Z] [work-queue] {"queueLength":0,"workRunningCount":0}
[debug] [2020-10-28T04:47:47.741Z] [work-queue] {"queueLength":1,"workRunningCount":0}
[debug] [2020-10-28T04:47:47.745Z] [work-queue] {"queueLength":0,"workRunningCount":1}
[debug] [2020-10-28T04:47:47.745Z] Accepted request POST /dj-amaz-portfoliyo/us-central1/api/payments/create?total=0 --> api
[debug] [2020-10-28T04:47:47.746Z] [worker-pool] submitWork(triggerId=api) {"metadata":{"emulator":{"name":"functions"},"message":"[worker-pool] submitWork(triggerId=api)"}}
[debug] [2020-10-28T04:47:47.746Z] [worker-api-ea14152b-1c81-48ee-a288-afde4f5ad4fd]: Assigning socketPath: \\?\pipe\C:\Users\dhiraj\dj_Projects\React JS\Amazon_2.0\functions\5876 {"metadata":{"emulator":{"name":"functions"},"message":"[worker-api-ea14152b-1c81-48ee-a288-afde4f5ad4fd]: Assigning socketPath: \\\\?\\pipe\\C:\\Users\\dhiraj\\dj_Projects\\React JS\\Amazon_2.0\\functions\\5876"}}
[debug] [2020-10-28T04:47:47.746Z] [worker-api-ea14152b-1c81-48ee-a288-afde4f5ad4fd]: BUSY {"metadata":{"emulator":{"name":"functions"},"message":"[worker-api-ea14152b-1c81-48ee-a288-afde4f5ad4fd]: BUSY"}}
[debug] [2020-10-28T04:47:47.749Z] [runtime-status] [5876] Trigger "api" has been found, beginning invocation! {"metadata":{"emulator":{"name":"functions"},"function":{"name":"api"},"message":"[runtime-status] [5876] Trigger \"api\" has been found, beginning invocation!"}}
[info] i  functions: Beginning execution of "api" {"metadata":{"emulator":{"name":"functions"},"function":{"name":"api"},"message":"Beginning execution of \"api\""}}
[debug] [2020-10-28T04:47:47.761Z] [runtime-status] [5876] triggerDefinition {"httpsTrigger":{},"name":"api","entryPoint":"api"} {"metadata":{"emulator":{"name":"functions"},"function":{"name":"api"},"message":"[runtime-status] [5876] triggerDefinition {\"httpsTrigger\":{},\"name\":\"api\",\"entryPoint\":\"api\"}"}}
[debug] [2020-10-28T04:47:47.761Z] [runtime-status] [5876] Running api in mode HTTPS {"metadata":{"emulator":{"name":"functions"},"function":{"name":"api"},"message":"[runtime-status] [5876] Running api in mode HTTPS"}}
[debug] [2020-10-28T04:47:47.762Z] [runtime-status] [5876] Attempting to listen to socketPath: \\?\pipe\C:\Users\dhiraj\dj_Projects\React JS\Amazon_2.0\functions\5876 {"metadata":{"emulator":{"name":"functions"},"function":{"name":"api"},"message":"[runtime-status] [5876] Attempting to listen to socketPath: \\\\?\\pipe\\C:\\Users\\dhiraj\\dj_Projects\\React JS\\Amazon_2.0\\functions\\5876"}}
[debug] [2020-10-28T04:47:47.764Z] [functions] Runtime ready! Sending request! {"metadata":{"emulator":{"name":"functions"},"message":"[functions] Runtime ready! Sending request!"}}
[debug] [2020-10-28T04:47:47.770Z] [runtime-status] [5876] Ephemeral server handling POST request {"metadata":{"emulator":{"name":"functions"},"function":{"name":"api"},"message":"[runtime-status] [5876] Ephemeral server handling POST request"}}
[info] >  Payment Request Recieved BOOM!!! for this amount >>>  0 {"user":"Payment Request Recieved BOOM!!! for this amount >>>  0","metadata":{"emulator":{"name":"functions"},"function":{"name":"api"},"message":"\u001b[90m> \u001b[39m Payment Request Recieved BOOM!!! for this amount >>>  0"}}
[debug] [2020-10-28T04:47:47.789Z] [runtime-status] [5876] Ephemeral server survived. {"metadata":{"emulator":{"name":"functions"},"function":{"name":"api"},"message":"[runtime-status] [5876] Ephemeral server survived."}}
[info] >  (node:5876) UnhandledPromiseRejectionWarning: Error: This value must be greater than or equal to 1. {"user":"(node:5876) UnhandledPromiseRejectionWarning: Error: This value must be greater than or equal to 1.","metadata":{"emulator":{"name":"functions"},"function":{"name":"api"},"message":"\u001b[90m> \u001b[39m (node:5876) UnhandledPromiseRejectionWarning: Error: This value must be greater than or equal to 1."}}
[info] >      at Function.generate (C:\Users\dhiraj\dj_Projects\React JS\Amazon_2.0\functions\node_modules\stripe\lib\Error.js:39:16) {"user":"    at Function.generate (C:\\Users\\dhiraj\\dj_Projects\\React JS\\Amazon_2.0\\functions\\node_modules\\stripe\\lib\\Error.js:39:16)","metadata":{"emulator":{"name":"functions"},"function":{"name":"api"},"message":"\u001b[90m> \u001b[39m     at Function.generate (C:\\Users\\dhiraj\\dj_Projects\\React JS\\Amazon_2.0\\functions\\node_modules\\stripe\\lib\\Error.js:39:16)"}}
[info] >      at IncomingMessage.<anonymous> (C:\Users\dhiraj\dj_Projects\React JS\Amazon_2.0\functions\node_modules\stripe\lib\StripeResource.js:190:33) {"user":"    at IncomingMessage.<anonymous> (C:\\Users\\dhiraj\\dj_Projects\\React JS\\Amazon_2.0\\functions\\node_modules\\stripe\\lib\\StripeResource.js:190:33)","metadata":{"emulator":{"name":"functions"},"function":{"name":"api"},"message":"\u001b[90m> \u001b[39m     at IncomingMessage.<anonymous> (C:\\Users\\dhiraj\\dj_Projects\\React JS\\Amazon_2.0\\functions\\node_modules\\stripe\\lib\\StripeResource.js:190:33)"}}
[info] >      at Object.onceWrapper (events.js:421:28) {"user":"    at Object.onceWrapper (events.js:421:28)","metadata":{"emulator":{"name":"functions"},"function":{"name":"api"},"message":"\u001b[90m> \u001b[39m     at Object.onceWrapper (events.js:421:28)"}}
[info] >      at IncomingMessage.emit (events.js:327:22) {"user":"    at IncomingMessage.emit (events.js:327:22)","metadata":{"emulator":{"name":"functions"},"function":{"name":"api"},"message":"\u001b[90m> \u001b[39m     at IncomingMessage.emit (events.js:327:22)"}}
[info] >      at endReadableNT (_stream_readable.js:1220:12) {"user":"    at endReadableNT (_stream_readable.js:1220:12)","metadata":{"emulator":{"name":"functions"},"function":{"name":"api"},"message":"\u001b[90m> \u001b[39m     at endReadableNT (_stream_readable.js:1220:12)"}}
[info] >      at processTicksAndRejections (internal/process/task_queues.js:84:21) {"user":"    at processTicksAndRejections (internal/process/task_queues.js:84:21)","metadata":{"emulator":{"name":"functions"},"function":{"name":"api"},"message":"\u001b[90m> \u001b[39m     at processTicksAndRejections (internal/process/task_queues.js:84:21)"}}
[info] >  (node:5876) UnhandledPromiseRejectionWarning: Unhandled promise rejection. This error originated either by throwing inside of an async function without a catch block, or by rejecting a promise which was not handled with .catch(). To terminate the node process on unhandled promise rejection, use the CLI flag `--unhandled-rejections=strict` (see https://nodejs.org/api/cli.html#cli_unhandled_rejections_mode). (rejection id: 1) {"user":"(node:5876) UnhandledPromiseRejectionWarning: Unhandled promise rejection. This error originated either by throwing inside of an async function without a catch block, or by rejecting a promise which was not handled with .catch(). To terminate the node process on unhandled promise rejection, use the CLI flag `--unhandled-rejections=strict` (see https://nodejs.org/api/cli.html#cli_unhandled_rejections_mode). (rejection id: 1)","metadata":{"emulator":{"name":"functions"},"function":{"name":"api"},"message":"\u001b[90m> \u001b[39m (node:5876) UnhandledPromiseRejectionWarning: Unhandled promise rejection. This error originated either by throwing inside of an async function without a catch block, or by rejecting a promise which was not handled with .catch(). To terminate the node process on unhandled promise rejection, use the CLI flag `--unhandled-rejections=strict` (see https://nodejs.org/api/cli.html#cli_unhandled_rejections_mode). (rejection id: 1)"}}
[info] >  (node:5876) [DEP0018] DeprecationWarning: Unhandled promise rejections are deprecated. In the future, promise rejections that are not handled will terminate the Node.js process with a non-zero exit code. {"user":"(node:5876) [DEP0018] DeprecationWarning: Unhandled promise rejections are deprecated. In the future, promise rejections that are not handled will terminate the Node.js process with a non-zero exit code.","metadata":{"emulator":{"name":"functions"},"function":{"name":"api"},"message":"\u001b[90m> \u001b[39m (node:5876) [DEP0018] DeprecationWarning: Unhandled promise rejections are deprecated. In the future, promise rejections that are not handled will terminate the Node.js process with a non-zero exit code."}}
[debug] [2020-10-28T04:47:59.703Z] [work-queue] {"queueLength":1,"workRunningCount":1}
[debug] [2020-10-28T04:47:59.704Z] [work-queue] {"queueLength":0,"workRunningCount":2}
[debug] [2020-10-28T04:47:59.704Z] Accepted request POST /dj-amaz-portfoliyo/us-central1/api/payments/create?total=99188 --> api
[debug] [2020-10-28T04:47:59.712Z] [worker-pool] addWorker(api) {"metadata":{"emulator":{"name":"functions"},"message":"[worker-pool] addWorker(api)"}}
[debug] [2020-10-28T04:47:59.712Z] [worker-pool] Adding worker with key api, total=2 {"metadata":{"emulator":{"name":"functions"},"message":"[worker-pool] Adding worker with key api, total=2"}}
[debug] [2020-10-28T04:47:59.713Z] [worker-pool] submitWork(triggerId=api) {"metadata":{"emulator":{"name":"functions"},"message":"[worker-pool] submitWork(triggerId=api)"}}
[debug] [2020-10-28T04:47:59.713Z] [worker-api-5bd5e266-bfca-4a2d-ac35-ca7835b0cb20]: Assigning socketPath: \\?\pipe\C:\Users\dhiraj\dj_Projects\React JS\Amazon_2.0\functions\7984 {"metadata":{"emulator":{"name":"functions"},"message":"[worker-api-5bd5e266-bfca-4a2d-ac35-ca7835b0cb20]: Assigning socketPath: \\\\?\\pipe\\C:\\Users\\dhiraj\\dj_Projects\\React JS\\Amazon_2.0\\functions\\7984"}}
[debug] [2020-10-28T04:47:59.714Z] [worker-api-5bd5e266-bfca-4a2d-ac35-ca7835b0cb20]: BUSY {"metadata":{"emulator":{"name":"functions"},"message":"[worker-api-5bd5e266-bfca-4a2d-ac35-ca7835b0cb20]: BUSY"}}
[debug] [2020-10-28T04:48:00.715Z] [runtime-status] [7984] Functions runtime initialized. {"cwd":"C:\\Users\\dhiraj\\dj_Projects\\React JS\\Amazon_2.0\\functions","node_version":"12.18.3"} {"metadata":{"emulator":{"name":"functions"},"function":{"name":"api"},"message":"[runtime-status] [7984] Functions runtime initialized. {\"cwd\":\"C:\\\\Users\\\\dhiraj\\\\dj_Projects\\\\React JS\\\\Amazon_2.0\\\\functions\",\"node_version\":\"12.18.3\"}"}}
[debug] [2020-10-28T04:48:00.726Z] [runtime-status] [7984] Disabled runtime features: undefined {"metadata":{"emulator":{"name":"functions"},"function":{"name":"api"},"message":"[runtime-status] [7984] Disabled runtime features: undefined"}}
[debug] [2020-10-28T04:48:00.737Z] [runtime-status] [7984] Resolved module firebase-admin {"declared":true,"installed":true,"version":"8.13.0","resolution":"C:\\Users\\dhiraj\\dj_Projects\\React JS\\Amazon_2.0\\functions\\node_modules\\firebase-admin\\lib\\index.js"} {"metadata":{"emulator":{"name":"functions"},"function":{"name":"api"},"message":"[runtime-status] [7984] Resolved module firebase-admin {\"declared\":true,\"installed\":true,\"version\":\"8.13.0\",\"resolution\":\"C:\\\\Users\\\\dhiraj\\\\dj_Projects\\\\React JS\\\\Amazon_2.0\\\\functions\\\\node_modules\\\\firebase-admin\\\\lib\\\\index.js\"}"}}
[debug] [2020-10-28T04:48:00.745Z] [runtime-status] [7984] Resolved module firebase-functions {"declared":true,"installed":true,"version":"3.11.0","resolution":"C:\\Users\\dhiraj\\dj_Projects\\React JS\\Amazon_2.0\\functions\\node_modules\\firebase-functions\\lib\\index.js"} {"metadata":{"emulator":{"name":"functions"},"function":{"name":"api"},"message":"[runtime-status] [7984] Resolved module firebase-functions {\"declared\":true,\"installed\":true,\"version\":\"3.11.0\",\"resolution\":\"C:\\\\Users\\\\dhiraj\\\\dj_Projects\\\\React JS\\\\Amazon_2.0\\\\functions\\\\node_modules\\\\firebase-functions\\\\lib\\\\index.js\"}"}}
[debug] [2020-10-28T04:48:00.749Z] [runtime-status] [7984] Resolved module firebase-functions {"declared":true,"installed":true,"version":"3.11.0","resolution":"C:\\Users\\dhiraj\\dj_Projects\\React JS\\Amazon_2.0\\functions\\node_modules\\firebase-functions\\lib\\index.js"} {"metadata":{"emulator":{"name":"functions"},"function":{"name":"api"},"message":"[runtime-status] [7984] Resolved module firebase-functions {\"declared\":true,\"installed\":true,\"version\":\"3.11.0\",\"resolution\":\"C:\\\\Users\\\\dhiraj\\\\dj_Projects\\\\React JS\\\\Amazon_2.0\\\\functions\\\\node_modules\\\\firebase-functions\\\\lib\\\\index.js\"}"}}
[debug] [2020-10-28T04:48:00.753Z] [runtime-status] [7984] Outgoing network have been stubbed. [{"name":"http","status":"mocked"},{"name":"http","status":"mocked"},{"name":"https","status":"mocked"},{"name":"https","status":"mocked"},{"name":"net","status":"mocked"}] {"metadata":{"emulator":{"name":"functions"},"function":{"name":"api"},"message":"[runtime-status] [7984] Outgoing network have been stubbed. [{\"name\":\"http\",\"status\":\"mocked\"},{\"name\":\"http\",\"status\":\"mocked\"},{\"name\":\"https\",\"status\":\"mocked\"},{\"name\":\"https\",\"status\":\"mocked\"},{\"name\":\"net\",\"status\":\"mocked\"}]"}}
[debug] [2020-10-28T04:48:00.756Z] [runtime-status] [7984] Resolved module firebase-functions {"declared":true,"installed":true,"version":"3.11.0","resolution":"C:\\Users\\dhiraj\\dj_Projects\\React JS\\Amazon_2.0\\functions\\node_modules\\firebase-functions\\lib\\index.js"} {"metadata":{"emulator":{"name":"functions"},"function":{"name":"api"},"message":"[runtime-status] [7984] Resolved module firebase-functions {\"declared\":true,\"installed\":true,\"version\":\"3.11.0\",\"resolution\":\"C:\\\\Users\\\\dhiraj\\\\dj_Projects\\\\React JS\\\\Amazon_2.0\\\\functions\\\\node_modules\\\\firebase-functions\\\\lib\\\\index.js\"}"}}
[debug] [2020-10-28T04:48:00.971Z] [runtime-status] [7984] Checked functions.config() {"config":{}} {"metadata":{"emulator":{"name":"functions"},"function":{"name":"api"},"message":"[runtime-status] [7984] Checked functions.config() {\"config\":{}}"}}
[debug] [2020-10-28T04:48:00.971Z] [runtime-status] [7984] firebase-functions has been stubbed. {"functionsResolution":{"declared":true,"installed":true,"version":"3.11.0","resolution":"C:\\Users\\dhiraj\\dj_Projects\\React JS\\Amazon_2.0\\functions\\node_modules\\firebase-functions\\lib\\index.js"}} {"metadata":{"emulator":{"name":"functions"},"function":{"name":"api"},"message":"[runtime-status] [7984] firebase-functions has been stubbed. {\"functionsResolution\":{\"declared\":true,\"installed\":true,\"version\":\"3.11.0\",\"resolution\":\"C:\\\\Users\\\\dhiraj\\\\dj_Projects\\\\React JS\\\\Amazon_2.0\\\\functions\\\\node_modules\\\\firebase-functions\\\\lib\\\\index.js\"}}"}}
[debug] [2020-10-28T04:48:00.973Z] [runtime-status] [7984] Resolved module firebase-functions {"declared":true,"installed":true,"version":"3.11.0","resolution":"C:\\Users\\dhiraj\\dj_Projects\\React JS\\Amazon_2.0\\functions\\node_modules\\firebase-functions\\lib\\index.js"} {"metadata":{"emulator":{"name":"functions"},"function":{"name":"api"},"message":"[runtime-status] [7984] Resolved module firebase-functions {\"declared\":true,\"installed\":true,\"version\":\"3.11.0\",\"resolution\":\"C:\\\\Users\\\\dhiraj\\\\dj_Projects\\\\React JS\\\\Amazon_2.0\\\\functions\\\\node_modules\\\\firebase-functions\\\\lib\\\\index.js\"}"}}
[debug] [2020-10-28T04:48:00.977Z] [runtime-status] [7984] Resolved module firebase-admin {"declared":true,"installed":true,"version":"8.13.0","resolution":"C:\\Users\\dhiraj\\dj_Projects\\React JS\\Amazon_2.0\\functions\\node_modules\\firebase-admin\\lib\\index.js"} {"metadata":{"emulator":{"name":"functions"},"function":{"name":"api"},"message":"[runtime-status] [7984] Resolved module firebase-admin {\"declared\":true,\"installed\":true,\"version\":\"8.13.0\",\"resolution\":\"C:\\\\Users\\\\dhiraj\\\\dj_Projects\\\\React JS\\\\Amazon_2.0\\\\functions\\\\node_modules\\\\firebase-admin\\\\lib\\\\index.js\"}"}}
[debug] [2020-10-28T04:48:00.977Z] [runtime-status] [7984] Resolved module firebase-functions {"declared":true,"installed":true,"version":"3.11.0","resolution":"C:\\Users\\dhiraj\\dj_Projects\\React JS\\Amazon_2.0\\functions\\node_modules\\firebase-functions\\lib\\index.js"} {"metadata":{"emulator":{"name":"functions"},"function":{"name":"api"},"message":"[runtime-status] [7984] Resolved module firebase-functions {\"declared\":true,\"installed\":true,\"version\":\"3.11.0\",\"resolution\":\"C:\\\\Users\\\\dhiraj\\\\dj_Projects\\\\React JS\\\\Amazon_2.0\\\\functions\\\\node_modules\\\\firebase-functions\\\\lib\\\\index.js\"}"}}
[debug] [2020-10-28T04:48:00.978Z] [runtime-status] [7984] firebase-admin has been stubbed. {"adminResolution":{"declared":true,"installed":true,"version":"8.13.0","resolution":"C:\\Users\\dhiraj\\dj_Projects\\React JS\\Amazon_2.0\\functions\\node_modules\\firebase-admin\\lib\\index.js"}} {"metadata":{"emulator":{"name":"functions"},"function":{"name":"api"},"message":"[runtime-status] [7984] firebase-admin has been stubbed. {\"adminResolution\":{\"declared\":true,\"installed\":true,\"version\":\"8.13.0\",\"resolution\":\"C:\\\\Users\\\\dhiraj\\\\dj_Projects\\\\React JS\\\\Amazon_2.0\\\\functions\\\\node_modules\\\\firebase-admin\\\\lib\\\\index.js\"}}"}}
[debug] [2020-10-28T04:48:01.374Z] [runtime-status] [7984] Trigger "api" has been found, beginning invocation! {"metadata":{"emulator":{"name":"functions"},"function":{"name":"api"},"message":"[runtime-status] [7984] Trigger \"api\" has been found, beginning invocation!"}}
[info] i  functions: Beginning execution of "api" {"metadata":{"emulator":{"name":"functions"},"function":{"name":"api"},"message":"Beginning execution of \"api\""}}
[debug] [2020-10-28T04:48:01.376Z] [runtime-status] [7984] triggerDefinition {"httpsTrigger":{},"name":"api","entryPoint":"api"} {"metadata":{"emulator":{"name":"functions"},"function":{"name":"api"},"message":"[runtime-status] [7984] triggerDefinition {\"httpsTrigger\":{},\"name\":\"api\",\"entryPoint\":\"api\"}"}}
[debug] [2020-10-28T04:48:01.377Z] [runtime-status] [7984] Running api in mode HTTPS {"metadata":{"emulator":{"name":"functions"},"function":{"name":"api"},"message":"[runtime-status] [7984] Running api in mode HTTPS"}}
[debug] [2020-10-28T04:48:01.387Z] [runtime-status] [7984] Attempting to listen to socketPath: \\?\pipe\C:\Users\dhiraj\dj_Projects\React JS\Amazon_2.0\functions\7984 {"metadata":{"emulator":{"name":"functions"},"function":{"name":"api"},"message":"[runtime-status] [7984] Attempting to listen to socketPath: \\\\?\\pipe\\C:\\Users\\dhiraj\\dj_Projects\\React JS\\Amazon_2.0\\functions\\7984"}}
[debug] [2020-10-28T04:48:01.391Z] [functions] Runtime ready! Sending request! {"metadata":{"emulator":{"name":"functions"},"message":"[functions] Runtime ready! Sending request!"}}
[debug] [2020-10-28T04:48:01.411Z] [runtime-status] [7984] Ephemeral server handling POST request {"metadata":{"emulator":{"name":"functions"},"function":{"name":"api"},"message":"[runtime-status] [7984] Ephemeral server handling POST request"}}
[info] >  Payment Request Recieved BOOM!!! for this amount >>>  99188 {"user":"Payment Request Recieved BOOM!!! for this amount >>>  99188","metadata":{"emulator":{"name":"functions"},"function":{"name":"api"},"message":"\u001b[90m> \u001b[39m Payment Request Recieved BOOM!!! for this amount >>>  99188"}}
[debug] [2020-10-28T04:48:01.437Z] [runtime-status] [7984] Ephemeral server survived. {"metadata":{"emulator":{"name":"functions"},"function":{"name":"api"},"message":"[runtime-status] [7984] Ephemeral server survived."}}
[info] i  functions: Finished "api" in ~1s {"metadata":{"emulator":{"name":"functions"},"function":{"name":"api"},"message":"Finished \"api\" in ~1s"}}
[debug] [2020-10-28T04:48:02.511Z] [worker-api-5bd5e266-bfca-4a2d-ac35-ca7835b0cb20]: IDLE {"metadata":{"emulator":{"name":"functions"},"message":"[worker-api-5bd5e266-bfca-4a2d-ac35-ca7835b0cb20]: IDLE"}}
[debug] [2020-10-28T04:48:02.511Z] [work-queue] {"queueLength":0,"workRunningCount":1}
[debug] [2020-10-28T04:48:35.176Z] [work-queue] {"queueLength":1,"workRunningCount":1}
[debug] [2020-10-28T04:48:35.176Z] [work-queue] {"queueLength":0,"workRunningCount":2}
[debug] [2020-10-28T04:48:35.176Z] Accepted request POST /dj-amaz-portfoliyo/us-central1/api/payments/create?total=99188 --> api
[debug] [2020-10-28T04:48:35.177Z] [worker-pool] submitWork(triggerId=api) {"metadata":{"emulator":{"name":"functions"},"message":"[worker-pool] submitWork(triggerId=api)"}}
[debug] [2020-10-28T04:48:35.177Z] [worker-api-5bd5e266-bfca-4a2d-ac35-ca7835b0cb20]: Assigning socketPath: \\?\pipe\C:\Users\dhiraj\dj_Projects\React JS\Amazon_2.0\functions\7984 {"metadata":{"emulator":{"name":"functions"},"message":"[worker-api-5bd5e266-bfca-4a2d-ac35-ca7835b0cb20]: Assigning socketPath: \\\\?\\pipe\\C:\\Users\\dhiraj\\dj_Projects\\React JS\\Amazon_2.0\\functions\\7984"}}
[debug] [2020-10-28T04:48:35.177Z] [worker-api-5bd5e266-bfca-4a2d-ac35-ca7835b0cb20]: BUSY {"metadata":{"emulator":{"name":"functions"},"message":"[worker-api-5bd5e266-bfca-4a2d-ac35-ca7835b0cb20]: BUSY"}}
[debug] [2020-10-28T04:48:35.178Z] [runtime-status] [7984] Trigger "api" has been found, beginning invocation! {"metadata":{"emulator":{"name":"functions"},"function":{"name":"api"},"message":"[runtime-status] [7984] Trigger \"api\" has been found, beginning invocation!"}}
[info] i  functions: Beginning execution of "api" {"metadata":{"emulator":{"name":"functions"},"function":{"name":"api"},"message":"Beginning execution of \"api\""}}
[debug] [2020-10-28T04:48:35.180Z] [runtime-status] [7984] triggerDefinition {"httpsTrigger":{},"name":"api","entryPoint":"api"} {"metadata":{"emulator":{"name":"functions"},"function":{"name":"api"},"message":"[runtime-status] [7984] triggerDefinition {\"httpsTrigger\":{},\"name\":\"api\",\"entryPoint\":\"api\"}"}}
[debug] [2020-10-28T04:48:35.181Z] [runtime-status] [7984] Running api in mode HTTPS {"metadata":{"emulator":{"name":"functions"},"function":{"name":"api"},"message":"[runtime-status] [7984] Running api in mode HTTPS"}}
[debug] [2020-10-28T04:48:35.181Z] [runtime-status] [7984] Attempting to listen to socketPath: \\?\pipe\C:\Users\dhiraj\dj_Projects\React JS\Amazon_2.0\functions\7984 {"metadata":{"emulator":{"name":"functions"},"function":{"name":"api"},"message":"[runtime-status] [7984] Attempting to listen to socketPath: \\\\?\\pipe\\C:\\Users\\dhiraj\\dj_Projects\\React JS\\Amazon_2.0\\functions\\7984"}}
[debug] [2020-10-28T04:48:35.182Z] [functions] Runtime ready! Sending request! {"metadata":{"emulator":{"name":"functions"},"message":"[functions] Runtime ready! Sending request!"}}
[debug] [2020-10-28T04:48:35.187Z] [runtime-status] [7984] Ephemeral server handling POST request {"metadata":{"emulator":{"name":"functions"},"function":{"name":"api"},"message":"[runtime-status] [7984] Ephemeral server handling POST request"}}
[info] >  Payment Request Recieved BOOM!!! for this amount >>>  99188 {"user":"Payment Request Recieved BOOM!!! for this amount >>>  99188","metadata":{"emulator":{"name":"functions"},"function":{"name":"api"},"message":"\u001b[90m> \u001b[39m Payment Request Recieved BOOM!!! for this amount >>>  99188"}}
[debug] [2020-10-28T04:48:35.191Z] [runtime-status] [7984] Ephemeral server survived. {"metadata":{"emulator":{"name":"functions"},"function":{"name":"api"},"message":"[runtime-status] [7984] Ephemeral server survived."}}
[info] i  functions: Finished "api" in ~1s {"metadata":{"emulator":{"name":"functions"},"function":{"name":"api"},"message":"Finished \"api\" in ~1s"}}
[debug] [2020-10-28T04:48:35.640Z] [worker-api-5bd5e266-bfca-4a2d-ac35-ca7835b0cb20]: IDLE {"metadata":{"emulator":{"name":"functions"},"message":"[worker-api-5bd5e266-bfca-4a2d-ac35-ca7835b0cb20]: IDLE"}}
[debug] [2020-10-28T04:48:35.641Z] [work-queue] {"queueLength":0,"workRunningCount":1}
[debug] [2020-10-28T04:48:46.834Z] [work-queue] {"queueLength":1,"workRunningCount":1}
[debug] [2020-10-28T04:48:46.835Z] [work-queue] {"queueLength":0,"workRunningCount":2}
[debug] [2020-10-28T04:48:46.835Z] Accepted request POST /dj-amaz-portfoliyo/us-central1/api/payments/create?total=0 --> api
[debug] [2020-10-28T04:48:46.835Z] [worker-pool] submitWork(triggerId=api) {"metadata":{"emulator":{"name":"functions"},"message":"[worker-pool] submitWork(triggerId=api)"}}
[debug] [2020-10-28T04:48:46.836Z] [worker-api-5bd5e266-bfca-4a2d-ac35-ca7835b0cb20]: Assigning socketPath: \\?\pipe\C:\Users\dhiraj\dj_Projects\React JS\Amazon_2.0\functions\7984 {"metadata":{"emulator":{"name":"functions"},"message":"[worker-api-5bd5e266-bfca-4a2d-ac35-ca7835b0cb20]: Assigning socketPath: \\\\?\\pipe\\C:\\Users\\dhiraj\\dj_Projects\\React JS\\Amazon_2.0\\functions\\7984"}}
[debug] [2020-10-28T04:48:46.836Z] [worker-api-5bd5e266-bfca-4a2d-ac35-ca7835b0cb20]: BUSY {"metadata":{"emulator":{"name":"functions"},"message":"[worker-api-5bd5e266-bfca-4a2d-ac35-ca7835b0cb20]: BUSY"}}
[debug] [2020-10-28T04:48:46.837Z] [runtime-status] [7984] Trigger "api" has been found, beginning invocation! {"metadata":{"emulator":{"name":"functions"},"function":{"name":"api"},"message":"[runtime-status] [7984] Trigger \"api\" has been found, beginning invocation!"}}
[info] i  functions: Beginning execution of "api" {"metadata":{"emulator":{"name":"functions"},"function":{"name":"api"},"message":"Beginning execution of \"api\""}}
[debug] [2020-10-28T04:48:46.842Z] [runtime-status] [7984] triggerDefinition {"httpsTrigger":{},"name":"api","entryPoint":"api"} {"metadata":{"emulator":{"name":"functions"},"function":{"name":"api"},"message":"[runtime-status] [7984] triggerDefinition {\"httpsTrigger\":{},\"name\":\"api\",\"entryPoint\":\"api\"}"}}
[debug] [2020-10-28T04:48:46.843Z] [runtime-status] [7984] Running api in mode HTTPS {"metadata":{"emulator":{"name":"functions"},"function":{"name":"api"},"message":"[runtime-status] [7984] Running api in mode HTTPS"}}
[debug] [2020-10-28T04:48:46.844Z] [runtime-status] [7984] Attempting to listen to socketPath: \\?\pipe\C:\Users\dhiraj\dj_Projects\React JS\Amazon_2.0\functions\7984 {"metadata":{"emulator":{"name":"functions"},"function":{"name":"api"},"message":"[runtime-status] [7984] Attempting to listen to socketPath: \\\\?\\pipe\\C:\\Users\\dhiraj\\dj_Projects\\React JS\\Amazon_2.0\\functions\\7984"}}
[debug] [2020-10-28T04:48:46.847Z] [functions] Runtime ready! Sending request! {"metadata":{"emulator":{"name":"functions"},"message":"[functions] Runtime ready! Sending request!"}}
[debug] [2020-10-28T04:48:46.853Z] [runtime-status] [7984] Ephemeral server handling POST request {"metadata":{"emulator":{"name":"functions"},"function":{"name":"api"},"message":"[runtime-status] [7984] Ephemeral server handling POST request"}}
[info] >  Payment Request Recieved BOOM!!! for this amount >>>  0 {"user":"Payment Request Recieved BOOM!!! for this amount >>>  0","metadata":{"emulator":{"name":"functions"},"function":{"name":"api"},"message":"\u001b[90m> \u001b[39m Payment Request Recieved BOOM!!! for this amount >>>  0"}}
[debug] [2020-10-28T04:48:46.856Z] [runtime-status] [7984] Ephemeral server survived. {"metadata":{"emulator":{"name":"functions"},"function":{"name":"api"},"message":"[runtime-status] [7984] Ephemeral server survived."}}
[info] >  (node:7984) UnhandledPromiseRejectionWarning: Error: This value must be greater than or equal to 1. {"user":"(node:7984) UnhandledPromiseRejectionWarning: Error: This value must be greater than or equal to 1.","metadata":{"emulator":{"name":"functions"},"function":{"name":"api"},"message":"\u001b[90m> \u001b[39m (node:7984) UnhandledPromiseRejectionWarning: Error: This value must be greater than or equal to 1."}}
[info] >      at Function.generate (C:\Users\dhiraj\dj_Projects\React JS\Amazon_2.0\functions\node_modules\stripe\lib\Error.js:39:16) {"user":"    at Function.generate (C:\\Users\\dhiraj\\dj_Projects\\React JS\\Amazon_2.0\\functions\\node_modules\\stripe\\lib\\Error.js:39:16)","metadata":{"emulator":{"name":"functions"},"function":{"name":"api"},"message":"\u001b[90m> \u001b[39m     at Function.generate (C:\\Users\\dhiraj\\dj_Projects\\React JS\\Amazon_2.0\\functions\\node_modules\\stripe\\lib\\Error.js:39:16)"}}
[info] >      at IncomingMessage.<anonymous> (C:\Users\dhiraj\dj_Projects\React JS\Amazon_2.0\functions\node_modules\stripe\lib\StripeResource.js:190:33) {"user":"    at IncomingMessage.<anonymous> (C:\\Users\\dhiraj\\dj_Projects\\React JS\\Amazon_2.0\\functions\\node_modules\\stripe\\lib\\StripeResource.js:190:33)","metadata":{"emulator":{"name":"functions"},"function":{"name":"api"},"message":"\u001b[90m> \u001b[39m     at IncomingMessage.<anonymous> (C:\\Users\\dhiraj\\dj_Projects\\React JS\\Amazon_2.0\\functions\\node_modules\\stripe\\lib\\StripeResource.js:190:33)"}}
[info] >      at Object.onceWrapper (events.js:421:28) {"user":"    at Object.onceWrapper (events.js:421:28)","metadata":{"emulator":{"name":"functions"},"function":{"name":"api"},"message":"\u001b[90m> \u001b[39m     at Object.onceWrapper (events.js:421:28)"}}
[info] >      at IncomingMessage.emit (events.js:327:22) {"user":"    at IncomingMessage.emit (events.js:327:22)","metadata":{"emulator":{"name":"functions"},"function":{"name":"api"},"message":"\u001b[90m> \u001b[39m     at IncomingMessage.emit (events.js:327:22)"}}
[info] >      at endReadableNT (_stream_readable.js:1220:12) {"user":"    at endReadableNT (_stream_readable.js:1220:12)","metadata":{"emulator":{"name":"functions"},"function":{"name":"api"},"message":"\u001b[90m> \u001b[39m     at endReadableNT (_stream_readable.js:1220:12)"}}
[info] >      at processTicksAndRejections (internal/process/task_queues.js:84:21) {"user":"    at processTicksAndRejections (internal/process/task_queues.js:84:21)","metadata":{"emulator":{"name":"functions"},"function":{"name":"api"},"message":"\u001b[90m> \u001b[39m     at processTicksAndRejections (internal/process/task_queues.js:84:21)"}}
[info] >  (node:7984) UnhandledPromiseRejectionWarning: Unhandled promise rejection. This error originated either by throwing inside of an async function without a catch block, or by rejecting a promise which was not handled with .catch(). To terminate the node process on unhandled promise rejection, use the CLI flag `--unhandled-rejections=strict` (see https://nodejs.org/api/cli.html#cli_unhandled_rejections_mode). (rejection id: 1) {"user":"(node:7984) UnhandledPromiseRejectionWarning: Unhandled promise rejection. This error originated either by throwing inside of an async function without a catch block, or by rejecting a promise which was not handled with .catch(). To terminate the node process on unhandled promise rejection, use the CLI flag `--unhandled-rejections=strict` (see https://nodejs.org/api/cli.html#cli_unhandled_rejections_mode). (rejection id: 1)","metadata":{"emulator":{"name":"functions"},"function":{"name":"api"},"message":"\u001b[90m> \u001b[39m (node:7984) UnhandledPromiseRejectionWarning: Unhandled promise rejection. This error originated either by throwing inside of an async function without a catch block, or by rejecting a promise which was not handled with .catch(). To terminate the node process on unhandled promise rejection, use the CLI flag `--unhandled-rejections=strict` (see https://nodejs.org/api/cli.html#cli_unhandled_rejections_mode). (rejection id: 1)"}}
[info] >  (node:7984) [DEP0018] DeprecationWarning: Unhandled promise rejections are deprecated. In the future, promise rejections that are not handled will terminate the Node.js process with a non-zero exit code. {"user":"(node:7984) [DEP0018] DeprecationWarning: Unhandled promise rejections are deprecated. In the future, promise rejections that are not handled will terminate the Node.js process with a non-zero exit code.","metadata":{"emulator":{"name":"functions"},"function":{"name":"api"},"message":"\u001b[90m> \u001b[39m (node:7984) [DEP0018] DeprecationWarning: Unhandled promise rejections are deprecated. In the future, promise rejections that are not handled will terminate the Node.js process with a non-zero exit code."}}
[warn] !  functions: Your function timed out after ~60s. To configure this timeout, see
      https://firebase.google.com/docs/functions/manage-functions#set_timeout_and_memory_allocation. {"metadata":{"emulator":{"name":"functions"},"function":{"name":"api"},"message":"Your function timed out after ~60s. To configure this timeout, see\n      https://firebase.google.com/docs/functions/manage-functions#set_timeout_and_memory_allocation."}}
[info] >  C:\Users\dhiraj\AppData\Roaming\npm\node_modules\firebase-tools\lib\emulator\functionsEmulatorRuntime.js:642 {"user":"C:\\Users\\dhiraj\\AppData\\Roaming\\npm\\node_modules\\firebase-tools\\lib\\emulator\\functionsEmulatorRuntime.js:642\r","metadata":{"emulator":{"name":"functions"},"function":{"name":"api"},"message":"\u001b[90m> \u001b[39m C:\\Users\\dhiraj\\AppData\\Roaming\\npm\\node_modules\\firebase-tools\\lib\\emulator\\functionsEmulatorRuntime.js:642\r"}}
[info] >                  throw new Error("Function timed out."); {"user":"                throw new Error(\"Function timed out.\");\r","metadata":{"emulator":{"name":"functions"},"function":{"name":"api"},"message":"\u001b[90m> \u001b[39m                 throw new Error(\"Function timed out.\");\r"}}
[info] >                  ^ {"user":"                ^\r","metadata":{"emulator":{"name":"functions"},"function":{"name":"api"},"message":"\u001b[90m> \u001b[39m                 ^\r"}}
[info] >   {"user":"\r","metadata":{"emulator":{"name":"functions"},"function":{"name":"api"},"message":"\u001b[90m> \u001b[39m \r"}}
[info] >  Error: Function timed out. {"user":"Error: Function timed out.\r","metadata":{"emulator":{"name":"functions"},"function":{"name":"api"},"message":"\u001b[90m> \u001b[39m Error: Function timed out.\r"}}
[info] >      at Timeout._onTimeout (C:\Users\dhiraj\AppData\Roaming\npm\node_modules\firebase-tools\lib\emulator\functionsEmulatorRuntime.js:642:23) {"user":"    at Timeout._onTimeout (C:\\Users\\dhiraj\\AppData\\Roaming\\npm\\node_modules\\firebase-tools\\lib\\emulator\\functionsEmulatorRuntime.js:642:23)\r","metadata":{"emulator":{"name":"functions"},"function":{"name":"api"},"message":"\u001b[90m> \u001b[39m     at Timeout._onTimeout (C:\\Users\\dhiraj\\AppData\\Roaming\\npm\\node_modules\\firebase-tools\\lib\\emulator\\functionsEmulatorRuntime.js:642:23)\r"}}
[info] >      at listOnTimeout (internal/timers.js:549:17) {"user":"    at listOnTimeout (internal/timers.js:549:17)\r","metadata":{"emulator":{"name":"functions"},"function":{"name":"api"},"message":"\u001b[90m> \u001b[39m     at listOnTimeout (internal/timers.js:549:17)\r"}}
[info] >      at processTimers (internal/timers.js:492:7) {"user":"    at processTimers (internal/timers.js:492:7)\r","metadata":{"emulator":{"name":"functions"},"function":{"name":"api"},"message":"\u001b[90m> \u001b[39m     at processTimers (internal/timers.js:492:7)\r"}}
[debug] [2020-10-28T04:48:47.907Z] [worker-api-ea14152b-1c81-48ee-a288-afde4f5ad4fd]: exited {"metadata":{"emulator":{"name":"functions"},"message":"[worker-api-ea14152b-1c81-48ee-a288-afde4f5ad4fd]: exited"}}
[debug] [2020-10-28T04:48:47.908Z] [worker-api-ea14152b-1c81-48ee-a288-afde4f5ad4fd]: FINISHED {"metadata":{"emulator":{"name":"functions"},"message":"[worker-api-ea14152b-1c81-48ee-a288-afde4f5ad4fd]: FINISHED"}}
[debug] [2020-10-28T04:48:47.908Z] [work-queue] {"queueLength":0,"workRunningCount":1}
[warn] !  functions: Your function timed out after ~60s. To configure this timeout, see
      https://firebase.google.com/docs/functions/manage-functions#set_timeout_and_memory_allocation. {"metadata":{"emulator":{"name":"functions"},"function":{"name":"api"},"message":"Your function timed out after ~60s. To configure this timeout, see\n      https://firebase.google.com/docs/functions/manage-functions#set_timeout_and_memory_allocation."}}
[info] >  C:\Users\dhiraj\AppData\Roaming\npm\node_modules\firebase-tools\lib\emulator\functionsEmulatorRuntime.js:642 {"user":"C:\\Users\\dhiraj\\AppData\\Roaming\\npm\\node_modules\\firebase-tools\\lib\\emulator\\functionsEmulatorRuntime.js:642\r","metadata":{"emulator":{"name":"functions"},"function":{"name":"api"},"message":"\u001b[90m> \u001b[39m C:\\Users\\dhiraj\\AppData\\Roaming\\npm\\node_modules\\firebase-tools\\lib\\emulator\\functionsEmulatorRuntime.js:642\r"}}
[info] >                  throw new Error("Function timed out."); {"user":"                throw new Error(\"Function timed out.\");\r","metadata":{"emulator":{"name":"functions"},"function":{"name":"api"},"message":"\u001b[90m> \u001b[39m                 throw new Error(\"Function timed out.\");\r"}}
[info] >                  ^ {"user":"                ^\r","metadata":{"emulator":{"name":"functions"},"function":{"name":"api"},"message":"\u001b[90m> \u001b[39m                 ^\r"}}
[info] >   {"user":"\r","metadata":{"emulator":{"name":"functions"},"function":{"name":"api"},"message":"\u001b[90m> \u001b[39m \r"}}
[info] >  Error: Function timed out. {"user":"Error: Function timed out.\r","metadata":{"emulator":{"name":"functions"},"function":{"name":"api"},"message":"\u001b[90m> \u001b[39m Error: Function timed out.\r"}}
[info] >      at Timeout._onTimeout (C:\Users\dhiraj\AppData\Roaming\npm\node_modules\firebase-tools\lib\emulator\functionsEmulatorRuntime.js:642:23) {"user":"    at Timeout._onTimeout (C:\\Users\\dhiraj\\AppData\\Roaming\\npm\\node_modules\\firebase-tools\\lib\\emulator\\functionsEmulatorRuntime.js:642:23)\r","metadata":{"emulator":{"name":"functions"},"function":{"name":"api"},"message":"\u001b[90m> \u001b[39m     at Timeout._onTimeout (C:\\Users\\dhiraj\\AppData\\Roaming\\npm\\node_modules\\firebase-tools\\lib\\emulator\\functionsEmulatorRuntime.js:642:23)\r"}}
[info] >      at listOnTimeout (internal/timers.js:549:17) {"user":"    at listOnTimeout (internal/timers.js:549:17)\r","metadata":{"emulator":{"name":"functions"},"function":{"name":"api"},"message":"\u001b[90m> \u001b[39m     at listOnTimeout (internal/timers.js:549:17)\r"}}
[info] >      at processTimers (internal/timers.js:492:7) {"user":"    at processTimers (internal/timers.js:492:7)\r","metadata":{"emulator":{"name":"functions"},"function":{"name":"api"},"message":"\u001b[90m> \u001b[39m     at processTimers (internal/timers.js:492:7)\r"}}
[debug] [2020-10-28T04:49:46.858Z] [worker-api-5bd5e266-bfca-4a2d-ac35-ca7835b0cb20]: exited {"metadata":{"emulator":{"name":"functions"},"message":"[worker-api-5bd5e266-bfca-4a2d-ac35-ca7835b0cb20]: exited"}}
[debug] [2020-10-28T04:49:46.859Z] [worker-api-5bd5e266-bfca-4a2d-ac35-ca7835b0cb20]: FINISHED {"metadata":{"emulator":{"name":"functions"},"message":"[worker-api-5bd5e266-bfca-4a2d-ac35-ca7835b0cb20]: FINISHED"}}
[debug] [2020-10-28T04:49:46.859Z] [work-queue] {"queueLength":0,"workRunningCount":0}
